<?xml version="1.0" encoding="UTF-8"?>
<testsuite xmlns:xsi="http://www.w3.org/2001/XMLSchema-instance" xsi:noNamespaceSchemaLocation="https://maven.apache.org/surefire/maven-surefire-plugin/xsd/surefire-test-report.xsd" name="com.cagst.bom.tenant.TenantResourceTest" time="1.244" tests="16" errors="0" skipped="0" failures="0">
  <properties>
    <property name="gopherProxySet" value="false"/>
    <property name="awt.toolkit" value="sun.lwawt.macosx.LWCToolkit"/>
    <property name="java.specification.version" value="11"/>
    <property name="sun.cpu.isalist" value=""/>
    <property name="sun.jnu.encoding" value="UTF-8"/>
    <property name="java.class.path" value="/Users/cgaskill/wip/cagst/bom/bom-service/bom-service-rest/target/test-classes:/Users/cgaskill/wip/cagst/bom/bom-service/bom-service-rest/target/classes:/Users/cgaskill/.m2/repository/org/apache/commons/commons-lang3/3.11/commons-lang3-3.11.jar:/Users/cgaskill/wip/cagst/bom/bom-service/bom-service-model/target/bom-service-model-1.0-SNAPSHOT.jar:/Users/cgaskill/.m2/repository/org/springframework/spring-core/5.3.1/spring-core-5.3.1.jar:/Users/cgaskill/.m2/repository/org/springframework/spring-jcl/5.3.1/spring-jcl-5.3.1.jar:/Users/cgaskill/wip/cagst/bom/bom-service/bom-service-spring/target/bom-service-spring-1.0-SNAPSHOT.jar:/Users/cgaskill/.m2/repository/com/auth0/java-jwt/3.11.0/java-jwt-3.11.0.jar:/Users/cgaskill/.m2/repository/commons-codec/commons-codec/1.15/commons-codec-1.15.jar:/Users/cgaskill/.m2/repository/org/springframework/boot/spring-boot-autoconfigure/2.4.0/spring-boot-autoconfigure-2.4.0.jar:/Users/cgaskill/.m2/repository/org/springframework/spring-context/5.3.1/spring-context-5.3.1.jar:/Users/cgaskill/.m2/repository/org/springframework/spring-beans/5.3.1/spring-beans-5.3.1.jar:/Users/cgaskill/.m2/repository/org/springframework/spring-expression/5.3.1/spring-expression-5.3.1.jar:/Users/cgaskill/.m2/repository/org/springframework/security/spring-security-core/5.4.1/spring-security-core-5.4.1.jar:/Users/cgaskill/.m2/repository/org/springframework/data/spring-data-r2dbc/1.2.1/spring-data-r2dbc-1.2.1.jar:/Users/cgaskill/.m2/repository/org/springframework/data/spring-data-commons/2.4.1/spring-data-commons-2.4.1.jar:/Users/cgaskill/.m2/repository/org/springframework/data/spring-data-relational/2.1.1/spring-data-relational-2.1.1.jar:/Users/cgaskill/.m2/repository/org/springframework/spring-r2dbc/5.3.1/spring-r2dbc-5.3.1.jar:/Users/cgaskill/.m2/repository/org/springframework/spring-tx/5.3.1/spring-tx-5.3.1.jar:/Users/cgaskill/.m2/repository/org/springframework/security/spring-security-web/5.4.1/spring-security-web-5.4.1.jar:/Users/cgaskill/.m2/repository/org/springframework/spring-webflux/5.3.1/spring-webflux-5.3.1.jar:/Users/cgaskill/.m2/repository/org/immutables/value/2.8.8/value-2.8.8.jar:/Users/cgaskill/.m2/repository/com/fasterxml/jackson/core/jackson-annotations/2.11.3/jackson-annotations-2.11.3.jar:/Users/cgaskill/.m2/repository/com/fasterxml/jackson/core/jackson-databind/2.11.3/jackson-databind-2.11.3.jar:/Users/cgaskill/.m2/repository/com/fasterxml/jackson/core/jackson-core/2.11.3/jackson-core-2.11.3.jar:/Users/cgaskill/.m2/repository/org/slf4j/slf4j-api/1.7.30/slf4j-api-1.7.30.jar:/Users/cgaskill/.m2/repository/org/postgresql/postgresql/42.2.18/postgresql-42.2.18.jar:/Users/cgaskill/.m2/repository/org/checkerframework/checker-qual/3.5.0/checker-qual-3.5.0.jar:/Users/cgaskill/.m2/repository/io/r2dbc/r2dbc-postgresql/0.8.6.RELEASE/r2dbc-postgresql-0.8.6.RELEASE.jar:/Users/cgaskill/.m2/repository/io/r2dbc/r2dbc-spi/0.8.3.RELEASE/r2dbc-spi-0.8.3.RELEASE.jar:/Users/cgaskill/.m2/repository/org/reactivestreams/reactive-streams/1.0.3/reactive-streams-1.0.3.jar:/Users/cgaskill/.m2/repository/com/ongres/scram/client/2.1/client-2.1.jar:/Users/cgaskill/.m2/repository/com/ongres/scram/common/2.1/common-2.1.jar:/Users/cgaskill/.m2/repository/com/ongres/stringprep/saslprep/1.1/saslprep-1.1.jar:/Users/cgaskill/.m2/repository/com/ongres/stringprep/stringprep/1.1/stringprep-1.1.jar:/Users/cgaskill/.m2/repository/io/projectreactor/reactor-core/3.4.0/reactor-core-3.4.0.jar:/Users/cgaskill/.m2/repository/io/projectreactor/netty/reactor-netty/1.0.1/reactor-netty-1.0.1.jar:/Users/cgaskill/.m2/repository/io/projectreactor/netty/reactor-netty-core/1.0.1/reactor-netty-core-1.0.1.jar:/Users/cgaskill/.m2/repository/io/netty/netty-handler/4.1.54.Final/netty-handler-4.1.54.Final.jar:/Users/cgaskill/.m2/repository/io/netty/netty-common/4.1.54.Final/netty-common-4.1.54.Final.jar:/Users/cgaskill/.m2/repository/io/netty/netty-resolver/4.1.54.Final/netty-resolver-4.1.54.Final.jar:/Users/cgaskill/.m2/repository/io/netty/netty-buffer/4.1.54.Final/netty-buffer-4.1.54.Final.jar:/Users/cgaskill/.m2/repository/io/netty/netty-transport/4.1.54.Final/netty-transport-4.1.54.Final.jar:/Users/cgaskill/.m2/repository/io/netty/netty-codec/4.1.54.Final/netty-codec-4.1.54.Final.jar:/Users/cgaskill/.m2/repository/io/netty/netty-handler-proxy/4.1.54.Final/netty-handler-proxy-4.1.54.Final.jar:/Users/cgaskill/.m2/repository/io/netty/netty-codec-socks/4.1.54.Final/netty-codec-socks-4.1.54.Final.jar:/Users/cgaskill/.m2/repository/io/netty/netty-resolver-dns/4.1.54.Final/netty-resolver-dns-4.1.54.Final.jar:/Users/cgaskill/.m2/repository/io/netty/netty-codec-dns/4.1.54.Final/netty-codec-dns-4.1.54.Final.jar:/Users/cgaskill/.m2/repository/io/netty/netty-transport-native-epoll/4.1.54.Final/netty-transport-native-epoll-4.1.54.Final-linux-x86_64.jar:/Users/cgaskill/.m2/repository/io/netty/netty-transport-native-unix-common/4.1.54.Final/netty-transport-native-unix-common-4.1.54.Final.jar:/Users/cgaskill/.m2/repository/io/projectreactor/netty/reactor-netty-http/1.0.1/reactor-netty-http-1.0.1.jar:/Users/cgaskill/.m2/repository/io/netty/netty-codec-http/4.1.54.Final/netty-codec-http-4.1.54.Final.jar:/Users/cgaskill/.m2/repository/io/netty/netty-codec-http2/4.1.54.Final/netty-codec-http2-4.1.54.Final.jar:/Users/cgaskill/.m2/repository/io/projectreactor/netty/reactor-netty-http-brave/1.0.1/reactor-netty-http-brave-1.0.1.jar:/Users/cgaskill/.m2/repository/io/zipkin/brave/brave-instrumentation-http/5.13.1/brave-instrumentation-http-5.13.1.jar:/Users/cgaskill/.m2/repository/io/zipkin/brave/brave/5.13.1/brave-5.13.1.jar:/Users/cgaskill/.m2/repository/io/zipkin/reporter2/zipkin-reporter-brave/2.16.0/zipkin-reporter-brave-2.16.0.jar:/Users/cgaskill/.m2/repository/io/zipkin/reporter2/zipkin-reporter/2.16.0/zipkin-reporter-2.16.0.jar:/Users/cgaskill/.m2/repository/io/zipkin/zipkin2/zipkin/2.22.2/zipkin-2.22.2.jar:/Users/cgaskill/.m2/repository/org/springframework/boot/spring-boot-starter-actuator/2.4.0/spring-boot-starter-actuator-2.4.0.jar:/Users/cgaskill/.m2/repository/org/springframework/boot/spring-boot-starter/2.4.0/spring-boot-starter-2.4.0.jar:/Users/cgaskill/.m2/repository/org/springframework/boot/spring-boot-starter-logging/2.4.0/spring-boot-starter-logging-2.4.0.jar:/Users/cgaskill/.m2/repository/ch/qos/logback/logback-classic/1.2.3/logback-classic-1.2.3.jar:/Users/cgaskill/.m2/repository/ch/qos/logback/logback-core/1.2.3/logback-core-1.2.3.jar:/Users/cgaskill/.m2/repository/org/apache/logging/log4j/log4j-to-slf4j/2.13.3/log4j-to-slf4j-2.13.3.jar:/Users/cgaskill/.m2/repository/org/apache/logging/log4j/log4j-api/2.13.3/log4j-api-2.13.3.jar:/Users/cgaskill/.m2/repository/org/slf4j/jul-to-slf4j/1.7.30/jul-to-slf4j-1.7.30.jar:/Users/cgaskill/.m2/repository/jakarta/annotation/jakarta.annotation-api/1.3.5/jakarta.annotation-api-1.3.5.jar:/Users/cgaskill/.m2/repository/org/yaml/snakeyaml/1.27/snakeyaml-1.27.jar:/Users/cgaskill/.m2/repository/org/springframework/boot/spring-boot-actuator-autoconfigure/2.4.0/spring-boot-actuator-autoconfigure-2.4.0.jar:/Users/cgaskill/.m2/repository/org/springframework/boot/spring-boot-actuator/2.4.0/spring-boot-actuator-2.4.0.jar:/Users/cgaskill/.m2/repository/com/fasterxml/jackson/datatype/jackson-datatype-jsr310/2.11.3/jackson-datatype-jsr310-2.11.3.jar:/Users/cgaskill/.m2/repository/io/micrometer/micrometer-core/1.6.1/micrometer-core-1.6.1.jar:/Users/cgaskill/.m2/repository/org/hdrhistogram/HdrHistogram/2.1.12/HdrHistogram-2.1.12.jar:/Users/cgaskill/.m2/repository/org/latencyutils/LatencyUtils/2.0.3/LatencyUtils-2.0.3.jar:/Users/cgaskill/.m2/repository/org/springframework/boot/spring-boot-starter-cache/2.4.0/spring-boot-starter-cache-2.4.0.jar:/Users/cgaskill/.m2/repository/org/springframework/spring-context-support/5.3.1/spring-context-support-5.3.1.jar:/Users/cgaskill/.m2/repository/org/springframework/boot/spring-boot-starter-security/2.4.0/spring-boot-starter-security-2.4.0.jar:/Users/cgaskill/.m2/repository/org/springframework/spring-aop/5.3.1/spring-aop-5.3.1.jar:/Users/cgaskill/.m2/repository/org/springframework/security/spring-security-config/5.4.1/spring-security-config-5.4.1.jar:/Users/cgaskill/.m2/repository/org/springframework/boot/spring-boot-starter-webflux/2.4.0/spring-boot-starter-webflux-2.4.0.jar:/Users/cgaskill/.m2/repository/org/springframework/boot/spring-boot-starter-json/2.4.0/spring-boot-starter-json-2.4.0.jar:/Users/cgaskill/.m2/repository/com/fasterxml/jackson/datatype/jackson-datatype-jdk8/2.11.3/jackson-datatype-jdk8-2.11.3.jar:/Users/cgaskill/.m2/repository/com/fasterxml/jackson/module/jackson-module-parameter-names/2.11.3/jackson-module-parameter-names-2.11.3.jar:/Users/cgaskill/.m2/repository/org/springframework/boot/spring-boot-starter-reactor-netty/2.4.0/spring-boot-starter-reactor-netty-2.4.0.jar:/Users/cgaskill/.m2/repository/org/springframework/spring-web/5.3.1/spring-web-5.3.1.jar:/Users/cgaskill/.m2/repository/org/springframework/boot/spring-boot-devtools/2.4.0/spring-boot-devtools-2.4.0.jar:/Users/cgaskill/.m2/repository/org/springframework/boot/spring-boot/2.4.0/spring-boot-2.4.0.jar:/Users/cgaskill/.m2/repository/io/r2dbc/r2dbc-h2/0.8.4.RELEASE/r2dbc-h2-0.8.4.RELEASE.jar:/Users/cgaskill/.m2/repository/com/h2database/h2/1.4.200/h2-1.4.200.jar:/Users/cgaskill/.m2/repository/org/springframework/boot/spring-boot-starter-test/2.4.0/spring-boot-starter-test-2.4.0.jar:/Users/cgaskill/.m2/repository/org/springframework/boot/spring-boot-test/2.4.0/spring-boot-test-2.4.0.jar:/Users/cgaskill/.m2/repository/org/springframework/boot/spring-boot-test-autoconfigure/2.4.0/spring-boot-test-autoconfigure-2.4.0.jar:/Users/cgaskill/.m2/repository/com/jayway/jsonpath/json-path/2.4.0/json-path-2.4.0.jar:/Users/cgaskill/.m2/repository/net/minidev/json-smart/2.3/json-smart-2.3.jar:/Users/cgaskill/.m2/repository/net/minidev/accessors-smart/1.2/accessors-smart-1.2.jar:/Users/cgaskill/.m2/repository/org/ow2/asm/asm/5.0.4/asm-5.0.4.jar:/Users/cgaskill/.m2/repository/jakarta/xml/bind/jakarta.xml.bind-api/2.3.3/jakarta.xml.bind-api-2.3.3.jar:/Users/cgaskill/.m2/repository/jakarta/activation/jakarta.activation-api/1.2.2/jakarta.activation-api-1.2.2.jar:/Users/cgaskill/.m2/repository/org/assertj/assertj-core/3.18.1/assertj-core-3.18.1.jar:/Users/cgaskill/.m2/repository/org/hamcrest/hamcrest/2.2/hamcrest-2.2.jar:/Users/cgaskill/.m2/repository/org/junit/jupiter/junit-jupiter/5.7.0/junit-jupiter-5.7.0.jar:/Users/cgaskill/.m2/repository/org/junit/jupiter/junit-jupiter-api/5.7.0/junit-jupiter-api-5.7.0.jar:/Users/cgaskill/.m2/repository/org/apiguardian/apiguardian-api/1.1.0/apiguardian-api-1.1.0.jar:/Users/cgaskill/.m2/repository/org/opentest4j/opentest4j/1.2.0/opentest4j-1.2.0.jar:/Users/cgaskill/.m2/repository/org/junit/platform/junit-platform-commons/1.7.0/junit-platform-commons-1.7.0.jar:/Users/cgaskill/.m2/repository/org/junit/jupiter/junit-jupiter-params/5.7.0/junit-jupiter-params-5.7.0.jar:/Users/cgaskill/.m2/repository/org/junit/jupiter/junit-jupiter-engine/5.7.0/junit-jupiter-engine-5.7.0.jar:/Users/cgaskill/.m2/repository/org/junit/platform/junit-platform-engine/1.7.0/junit-platform-engine-1.7.0.jar:/Users/cgaskill/.m2/repository/org/mockito/mockito-core/3.6.0/mockito-core-3.6.0.jar:/Users/cgaskill/.m2/repository/net/bytebuddy/byte-buddy/1.10.18/byte-buddy-1.10.18.jar:/Users/cgaskill/.m2/repository/net/bytebuddy/byte-buddy-agent/1.10.18/byte-buddy-agent-1.10.18.jar:/Users/cgaskill/.m2/repository/org/objenesis/objenesis/3.1/objenesis-3.1.jar:/Users/cgaskill/.m2/repository/org/mockito/mockito-junit-jupiter/3.6.0/mockito-junit-jupiter-3.6.0.jar:/Users/cgaskill/.m2/repository/org/skyscreamer/jsonassert/1.5.0/jsonassert-1.5.0.jar:/Users/cgaskill/.m2/repository/com/vaadin/external/google/android-json/0.0.20131108.vaadin1/android-json-0.0.20131108.vaadin1.jar:/Users/cgaskill/.m2/repository/org/springframework/spring-test/5.3.1/spring-test-5.3.1.jar:/Users/cgaskill/.m2/repository/org/xmlunit/xmlunit-core/2.7.0/xmlunit-core-2.7.0.jar:/Users/cgaskill/.m2/repository/org/springframework/security/spring-security-test/5.4.1/spring-security-test-5.4.1.jar:/Users/cgaskill/.m2/repository/org/springframework/restdocs/spring-restdocs-webtestclient/2.0.4.RELEASE/spring-restdocs-webtestclient-2.0.4.RELEASE.jar:/Users/cgaskill/.m2/repository/org/springframework/restdocs/spring-restdocs-core/2.0.5.RELEASE/spring-restdocs-core-2.0.5.RELEASE.jar:/Users/cgaskill/.m2/repository/io/projectreactor/reactor-test/3.4.0/reactor-test-3.4.0.jar:"/>
    <property name="java.vm.vendor" value="AdoptOpenJDK"/>
    <property name="sun.arch.data.model" value="64"/>
    <property name="java.vendor.url" value="https://adoptopenjdk.net/"/>
    <property name="user.timezone" value=""/>
    <property name="java.vm.specification.version" value="11"/>
    <property name="os.name" value="Mac OS X"/>
    <property name="sun.java.launcher" value="SUN_STANDARD"/>
    <property name="user.country" value="US"/>
    <property name="sun.boot.library.path" value="/Library/Java/JavaVirtualMachines/adoptopenjdk-11.jdk/Contents/Home/lib"/>
    <property name="sun.java.command" value="/Users/cgaskill/wip/cagst/bom/bom-service/bom-service-rest/target/surefire/surefirebooter12618191888257374895.jar /Users/cgaskill/wip/cagst/bom/bom-service/bom-service-rest/target/surefire 2020-12-10T19-40-49_749-jvmRun1 surefire17906326738757495455tmp surefire_05035587150434925495tmp"/>
    <property name="http.nonProxyHosts" value="local|*.local|169.254/16|*.169.254/16"/>
    <property name="jdk.debug" value="release"/>
    <property name="surefire.test.class.path" value="/Users/cgaskill/wip/cagst/bom/bom-service/bom-service-rest/target/test-classes:/Users/cgaskill/wip/cagst/bom/bom-service/bom-service-rest/target/classes:/Users/cgaskill/.m2/repository/org/apache/commons/commons-lang3/3.11/commons-lang3-3.11.jar:/Users/cgaskill/wip/cagst/bom/bom-service/bom-service-model/target/bom-service-model-1.0-SNAPSHOT.jar:/Users/cgaskill/.m2/repository/org/springframework/spring-core/5.3.1/spring-core-5.3.1.jar:/Users/cgaskill/.m2/repository/org/springframework/spring-jcl/5.3.1/spring-jcl-5.3.1.jar:/Users/cgaskill/wip/cagst/bom/bom-service/bom-service-spring/target/bom-service-spring-1.0-SNAPSHOT.jar:/Users/cgaskill/.m2/repository/com/auth0/java-jwt/3.11.0/java-jwt-3.11.0.jar:/Users/cgaskill/.m2/repository/commons-codec/commons-codec/1.15/commons-codec-1.15.jar:/Users/cgaskill/.m2/repository/org/springframework/boot/spring-boot-autoconfigure/2.4.0/spring-boot-autoconfigure-2.4.0.jar:/Users/cgaskill/.m2/repository/org/springframework/spring-context/5.3.1/spring-context-5.3.1.jar:/Users/cgaskill/.m2/repository/org/springframework/spring-beans/5.3.1/spring-beans-5.3.1.jar:/Users/cgaskill/.m2/repository/org/springframework/spring-expression/5.3.1/spring-expression-5.3.1.jar:/Users/cgaskill/.m2/repository/org/springframework/security/spring-security-core/5.4.1/spring-security-core-5.4.1.jar:/Users/cgaskill/.m2/repository/org/springframework/data/spring-data-r2dbc/1.2.1/spring-data-r2dbc-1.2.1.jar:/Users/cgaskill/.m2/repository/org/springframework/data/spring-data-commons/2.4.1/spring-data-commons-2.4.1.jar:/Users/cgaskill/.m2/repository/org/springframework/data/spring-data-relational/2.1.1/spring-data-relational-2.1.1.jar:/Users/cgaskill/.m2/repository/org/springframework/spring-r2dbc/5.3.1/spring-r2dbc-5.3.1.jar:/Users/cgaskill/.m2/repository/org/springframework/spring-tx/5.3.1/spring-tx-5.3.1.jar:/Users/cgaskill/.m2/repository/org/springframework/security/spring-security-web/5.4.1/spring-security-web-5.4.1.jar:/Users/cgaskill/.m2/repository/org/springframework/spring-webflux/5.3.1/spring-webflux-5.3.1.jar:/Users/cgaskill/.m2/repository/org/immutables/value/2.8.8/value-2.8.8.jar:/Users/cgaskill/.m2/repository/com/fasterxml/jackson/core/jackson-annotations/2.11.3/jackson-annotations-2.11.3.jar:/Users/cgaskill/.m2/repository/com/fasterxml/jackson/core/jackson-databind/2.11.3/jackson-databind-2.11.3.jar:/Users/cgaskill/.m2/repository/com/fasterxml/jackson/core/jackson-core/2.11.3/jackson-core-2.11.3.jar:/Users/cgaskill/.m2/repository/org/slf4j/slf4j-api/1.7.30/slf4j-api-1.7.30.jar:/Users/cgaskill/.m2/repository/org/postgresql/postgresql/42.2.18/postgresql-42.2.18.jar:/Users/cgaskill/.m2/repository/org/checkerframework/checker-qual/3.5.0/checker-qual-3.5.0.jar:/Users/cgaskill/.m2/repository/io/r2dbc/r2dbc-postgresql/0.8.6.RELEASE/r2dbc-postgresql-0.8.6.RELEASE.jar:/Users/cgaskill/.m2/repository/io/r2dbc/r2dbc-spi/0.8.3.RELEASE/r2dbc-spi-0.8.3.RELEASE.jar:/Users/cgaskill/.m2/repository/org/reactivestreams/reactive-streams/1.0.3/reactive-streams-1.0.3.jar:/Users/cgaskill/.m2/repository/com/ongres/scram/client/2.1/client-2.1.jar:/Users/cgaskill/.m2/repository/com/ongres/scram/common/2.1/common-2.1.jar:/Users/cgaskill/.m2/repository/com/ongres/stringprep/saslprep/1.1/saslprep-1.1.jar:/Users/cgaskill/.m2/repository/com/ongres/stringprep/stringprep/1.1/stringprep-1.1.jar:/Users/cgaskill/.m2/repository/io/projectreactor/reactor-core/3.4.0/reactor-core-3.4.0.jar:/Users/cgaskill/.m2/repository/io/projectreactor/netty/reactor-netty/1.0.1/reactor-netty-1.0.1.jar:/Users/cgaskill/.m2/repository/io/projectreactor/netty/reactor-netty-core/1.0.1/reactor-netty-core-1.0.1.jar:/Users/cgaskill/.m2/repository/io/netty/netty-handler/4.1.54.Final/netty-handler-4.1.54.Final.jar:/Users/cgaskill/.m2/repository/io/netty/netty-common/4.1.54.Final/netty-common-4.1.54.Final.jar:/Users/cgaskill/.m2/repository/io/netty/netty-resolver/4.1.54.Final/netty-resolver-4.1.54.Final.jar:/Users/cgaskill/.m2/repository/io/netty/netty-buffer/4.1.54.Final/netty-buffer-4.1.54.Final.jar:/Users/cgaskill/.m2/repository/io/netty/netty-transport/4.1.54.Final/netty-transport-4.1.54.Final.jar:/Users/cgaskill/.m2/repository/io/netty/netty-codec/4.1.54.Final/netty-codec-4.1.54.Final.jar:/Users/cgaskill/.m2/repository/io/netty/netty-handler-proxy/4.1.54.Final/netty-handler-proxy-4.1.54.Final.jar:/Users/cgaskill/.m2/repository/io/netty/netty-codec-socks/4.1.54.Final/netty-codec-socks-4.1.54.Final.jar:/Users/cgaskill/.m2/repository/io/netty/netty-resolver-dns/4.1.54.Final/netty-resolver-dns-4.1.54.Final.jar:/Users/cgaskill/.m2/repository/io/netty/netty-codec-dns/4.1.54.Final/netty-codec-dns-4.1.54.Final.jar:/Users/cgaskill/.m2/repository/io/netty/netty-transport-native-epoll/4.1.54.Final/netty-transport-native-epoll-4.1.54.Final-linux-x86_64.jar:/Users/cgaskill/.m2/repository/io/netty/netty-transport-native-unix-common/4.1.54.Final/netty-transport-native-unix-common-4.1.54.Final.jar:/Users/cgaskill/.m2/repository/io/projectreactor/netty/reactor-netty-http/1.0.1/reactor-netty-http-1.0.1.jar:/Users/cgaskill/.m2/repository/io/netty/netty-codec-http/4.1.54.Final/netty-codec-http-4.1.54.Final.jar:/Users/cgaskill/.m2/repository/io/netty/netty-codec-http2/4.1.54.Final/netty-codec-http2-4.1.54.Final.jar:/Users/cgaskill/.m2/repository/io/projectreactor/netty/reactor-netty-http-brave/1.0.1/reactor-netty-http-brave-1.0.1.jar:/Users/cgaskill/.m2/repository/io/zipkin/brave/brave-instrumentation-http/5.13.1/brave-instrumentation-http-5.13.1.jar:/Users/cgaskill/.m2/repository/io/zipkin/brave/brave/5.13.1/brave-5.13.1.jar:/Users/cgaskill/.m2/repository/io/zipkin/reporter2/zipkin-reporter-brave/2.16.0/zipkin-reporter-brave-2.16.0.jar:/Users/cgaskill/.m2/repository/io/zipkin/reporter2/zipkin-reporter/2.16.0/zipkin-reporter-2.16.0.jar:/Users/cgaskill/.m2/repository/io/zipkin/zipkin2/zipkin/2.22.2/zipkin-2.22.2.jar:/Users/cgaskill/.m2/repository/org/springframework/boot/spring-boot-starter-actuator/2.4.0/spring-boot-starter-actuator-2.4.0.jar:/Users/cgaskill/.m2/repository/org/springframework/boot/spring-boot-starter/2.4.0/spring-boot-starter-2.4.0.jar:/Users/cgaskill/.m2/repository/org/springframework/boot/spring-boot-starter-logging/2.4.0/spring-boot-starter-logging-2.4.0.jar:/Users/cgaskill/.m2/repository/ch/qos/logback/logback-classic/1.2.3/logback-classic-1.2.3.jar:/Users/cgaskill/.m2/repository/ch/qos/logback/logback-core/1.2.3/logback-core-1.2.3.jar:/Users/cgaskill/.m2/repository/org/apache/logging/log4j/log4j-to-slf4j/2.13.3/log4j-to-slf4j-2.13.3.jar:/Users/cgaskill/.m2/repository/org/apache/logging/log4j/log4j-api/2.13.3/log4j-api-2.13.3.jar:/Users/cgaskill/.m2/repository/org/slf4j/jul-to-slf4j/1.7.30/jul-to-slf4j-1.7.30.jar:/Users/cgaskill/.m2/repository/jakarta/annotation/jakarta.annotation-api/1.3.5/jakarta.annotation-api-1.3.5.jar:/Users/cgaskill/.m2/repository/org/yaml/snakeyaml/1.27/snakeyaml-1.27.jar:/Users/cgaskill/.m2/repository/org/springframework/boot/spring-boot-actuator-autoconfigure/2.4.0/spring-boot-actuator-autoconfigure-2.4.0.jar:/Users/cgaskill/.m2/repository/org/springframework/boot/spring-boot-actuator/2.4.0/spring-boot-actuator-2.4.0.jar:/Users/cgaskill/.m2/repository/com/fasterxml/jackson/datatype/jackson-datatype-jsr310/2.11.3/jackson-datatype-jsr310-2.11.3.jar:/Users/cgaskill/.m2/repository/io/micrometer/micrometer-core/1.6.1/micrometer-core-1.6.1.jar:/Users/cgaskill/.m2/repository/org/hdrhistogram/HdrHistogram/2.1.12/HdrHistogram-2.1.12.jar:/Users/cgaskill/.m2/repository/org/latencyutils/LatencyUtils/2.0.3/LatencyUtils-2.0.3.jar:/Users/cgaskill/.m2/repository/org/springframework/boot/spring-boot-starter-cache/2.4.0/spring-boot-starter-cache-2.4.0.jar:/Users/cgaskill/.m2/repository/org/springframework/spring-context-support/5.3.1/spring-context-support-5.3.1.jar:/Users/cgaskill/.m2/repository/org/springframework/boot/spring-boot-starter-security/2.4.0/spring-boot-starter-security-2.4.0.jar:/Users/cgaskill/.m2/repository/org/springframework/spring-aop/5.3.1/spring-aop-5.3.1.jar:/Users/cgaskill/.m2/repository/org/springframework/security/spring-security-config/5.4.1/spring-security-config-5.4.1.jar:/Users/cgaskill/.m2/repository/org/springframework/boot/spring-boot-starter-webflux/2.4.0/spring-boot-starter-webflux-2.4.0.jar:/Users/cgaskill/.m2/repository/org/springframework/boot/spring-boot-starter-json/2.4.0/spring-boot-starter-json-2.4.0.jar:/Users/cgaskill/.m2/repository/com/fasterxml/jackson/datatype/jackson-datatype-jdk8/2.11.3/jackson-datatype-jdk8-2.11.3.jar:/Users/cgaskill/.m2/repository/com/fasterxml/jackson/module/jackson-module-parameter-names/2.11.3/jackson-module-parameter-names-2.11.3.jar:/Users/cgaskill/.m2/repository/org/springframework/boot/spring-boot-starter-reactor-netty/2.4.0/spring-boot-starter-reactor-netty-2.4.0.jar:/Users/cgaskill/.m2/repository/org/springframework/spring-web/5.3.1/spring-web-5.3.1.jar:/Users/cgaskill/.m2/repository/org/springframework/boot/spring-boot-devtools/2.4.0/spring-boot-devtools-2.4.0.jar:/Users/cgaskill/.m2/repository/org/springframework/boot/spring-boot/2.4.0/spring-boot-2.4.0.jar:/Users/cgaskill/.m2/repository/io/r2dbc/r2dbc-h2/0.8.4.RELEASE/r2dbc-h2-0.8.4.RELEASE.jar:/Users/cgaskill/.m2/repository/com/h2database/h2/1.4.200/h2-1.4.200.jar:/Users/cgaskill/.m2/repository/org/springframework/boot/spring-boot-starter-test/2.4.0/spring-boot-starter-test-2.4.0.jar:/Users/cgaskill/.m2/repository/org/springframework/boot/spring-boot-test/2.4.0/spring-boot-test-2.4.0.jar:/Users/cgaskill/.m2/repository/org/springframework/boot/spring-boot-test-autoconfigure/2.4.0/spring-boot-test-autoconfigure-2.4.0.jar:/Users/cgaskill/.m2/repository/com/jayway/jsonpath/json-path/2.4.0/json-path-2.4.0.jar:/Users/cgaskill/.m2/repository/net/minidev/json-smart/2.3/json-smart-2.3.jar:/Users/cgaskill/.m2/repository/net/minidev/accessors-smart/1.2/accessors-smart-1.2.jar:/Users/cgaskill/.m2/repository/org/ow2/asm/asm/5.0.4/asm-5.0.4.jar:/Users/cgaskill/.m2/repository/jakarta/xml/bind/jakarta.xml.bind-api/2.3.3/jakarta.xml.bind-api-2.3.3.jar:/Users/cgaskill/.m2/repository/jakarta/activation/jakarta.activation-api/1.2.2/jakarta.activation-api-1.2.2.jar:/Users/cgaskill/.m2/repository/org/assertj/assertj-core/3.18.1/assertj-core-3.18.1.jar:/Users/cgaskill/.m2/repository/org/hamcrest/hamcrest/2.2/hamcrest-2.2.jar:/Users/cgaskill/.m2/repository/org/junit/jupiter/junit-jupiter/5.7.0/junit-jupiter-5.7.0.jar:/Users/cgaskill/.m2/repository/org/junit/jupiter/junit-jupiter-api/5.7.0/junit-jupiter-api-5.7.0.jar:/Users/cgaskill/.m2/repository/org/apiguardian/apiguardian-api/1.1.0/apiguardian-api-1.1.0.jar:/Users/cgaskill/.m2/repository/org/opentest4j/opentest4j/1.2.0/opentest4j-1.2.0.jar:/Users/cgaskill/.m2/repository/org/junit/platform/junit-platform-commons/1.7.0/junit-platform-commons-1.7.0.jar:/Users/cgaskill/.m2/repository/org/junit/jupiter/junit-jupiter-params/5.7.0/junit-jupiter-params-5.7.0.jar:/Users/cgaskill/.m2/repository/org/junit/jupiter/junit-jupiter-engine/5.7.0/junit-jupiter-engine-5.7.0.jar:/Users/cgaskill/.m2/repository/org/junit/platform/junit-platform-engine/1.7.0/junit-platform-engine-1.7.0.jar:/Users/cgaskill/.m2/repository/org/mockito/mockito-core/3.6.0/mockito-core-3.6.0.jar:/Users/cgaskill/.m2/repository/net/bytebuddy/byte-buddy/1.10.18/byte-buddy-1.10.18.jar:/Users/cgaskill/.m2/repository/net/bytebuddy/byte-buddy-agent/1.10.18/byte-buddy-agent-1.10.18.jar:/Users/cgaskill/.m2/repository/org/objenesis/objenesis/3.1/objenesis-3.1.jar:/Users/cgaskill/.m2/repository/org/mockito/mockito-junit-jupiter/3.6.0/mockito-junit-jupiter-3.6.0.jar:/Users/cgaskill/.m2/repository/org/skyscreamer/jsonassert/1.5.0/jsonassert-1.5.0.jar:/Users/cgaskill/.m2/repository/com/vaadin/external/google/android-json/0.0.20131108.vaadin1/android-json-0.0.20131108.vaadin1.jar:/Users/cgaskill/.m2/repository/org/springframework/spring-test/5.3.1/spring-test-5.3.1.jar:/Users/cgaskill/.m2/repository/org/xmlunit/xmlunit-core/2.7.0/xmlunit-core-2.7.0.jar:/Users/cgaskill/.m2/repository/org/springframework/security/spring-security-test/5.4.1/spring-security-test-5.4.1.jar:/Users/cgaskill/.m2/repository/org/springframework/restdocs/spring-restdocs-webtestclient/2.0.4.RELEASE/spring-restdocs-webtestclient-2.0.4.RELEASE.jar:/Users/cgaskill/.m2/repository/org/springframework/restdocs/spring-restdocs-core/2.0.5.RELEASE/spring-restdocs-core-2.0.5.RELEASE.jar:/Users/cgaskill/.m2/repository/io/projectreactor/reactor-test/3.4.0/reactor-test-3.4.0.jar:"/>
    <property name="sun.cpu.endian" value="little"/>
    <property name="user.home" value="/Users/cgaskill"/>
    <property name="user.language" value="en"/>
    <property name="java.specification.vendor" value="Oracle Corporation"/>
    <property name="java.version.date" value="2019-01-15"/>
    <property name="java.home" value="/Library/Java/JavaVirtualMachines/adoptopenjdk-11.jdk/Contents/Home"/>
    <property name="file.separator" value="/"/>
    <property name="basedir" value="/Users/cgaskill/wip/cagst/bom/bom-service/bom-service-rest"/>
    <property name="java.vm.compressedOopsMode" value="Zero based"/>
    <property name="line.separator" value="&#10;"/>
    <property name="java.specification.name" value="Java Platform API Specification"/>
    <property name="java.vm.specification.vendor" value="Oracle Corporation"/>
    <property name="java.awt.graphicsenv" value="sun.awt.CGraphicsEnvironment"/>
    <property name="surefire.real.class.path" value="/Users/cgaskill/wip/cagst/bom/bom-service/bom-service-rest/target/surefire/surefirebooter12618191888257374895.jar"/>
    <property name="sun.management.compiler" value="HotSpot 64-Bit Tiered Compilers"/>
    <property name="ftp.nonProxyHosts" value="local|*.local|169.254/16|*.169.254/16"/>
    <property name="java.runtime.version" value="11.0.2+9"/>
    <property name="user.name" value="cgaskill"/>
    <property name="path.separator" value=":"/>
    <property name="os.version" value="10.16"/>
    <property name="java.runtime.name" value="OpenJDK Runtime Environment"/>
    <property name="file.encoding" value="UTF-8"/>
    <property name="java.vm.name" value="OpenJDK 64-Bit Server VM"/>
    <property name="java.vendor.version" value="AdoptOpenJDK"/>
    <property name="localRepository" value="/Users/cgaskill/.m2/repository"/>
    <property name="java.vendor.url.bug" value="http://bugreport.java.com/bugreport/"/>
    <property name="java.io.tmpdir" value="/var/folders/sw/wfls1rwn0hd07tvnzd1__bhw0000gn/T/"/>
    <property name="idea.version" value="2020.3"/>
    <property name="java.version" value="11.0.2"/>
    <property name="user.dir" value="/Users/cgaskill/wip/cagst/bom/bom-service/bom-service-rest"/>
    <property name="os.arch" value="x86_64"/>
    <property name="java.vm.specification.name" value="Java Virtual Machine Specification"/>
    <property name="java.awt.printerjob" value="sun.lwawt.macosx.CPrinterJob"/>
    <property name="sun.os.patch.level" value="unknown"/>
    <property name="java.library.path" value="/Users/cgaskill/Library/Java/Extensions:/Library/Java/Extensions:/Network/Library/Java/Extensions:/System/Library/Java/Extensions:/usr/lib/java:."/>
    <property name="java.vendor" value="AdoptOpenJDK"/>
    <property name="java.vm.info" value="mixed mode"/>
    <property name="java.vm.version" value="11.0.2+9"/>
    <property name="sun.io.unicode.encoding" value="UnicodeBig"/>
    <property name="java.class.version" value="55.0"/>
    <property name="socksNonProxyHosts" value="local|*.local|169.254/16|*.169.254/16"/>
  </properties>
  <testcase name="testNotFound" classname="com.cagst.bom.tenant.TenantResourceTest$WhenDeleteTenant" time="0.228"/>
  <testcase name="testNotFound" classname="com.cagst.bom.tenant.TenantResourceTest$WhenUpdateTenant" time="0.07"/>
  <testcase name="testNotFound" classname="com.cagst.bom.tenant.TenantResourceTest$WhenFindByIdentifier" time="0.014"/>
  <testcase name="testNotAuthorized" classname="com.cagst.bom.tenant.TenantResourceTest$WhenDeleteTenant" time="0.008"/>
  <testcase name="testNotAuthorized" classname="com.cagst.bom.tenant.TenantResourceTest$WhenUpdateTenant" time="0.007"/>
  <testcase name="testNotAuthorized" classname="com.cagst.bom.tenant.TenantResourceTest$WhenCreateTenant" time="0.008"/>
  <testcase name="testNotAuthorized" classname="com.cagst.bom.tenant.TenantResourceTest$WhenFindByIdentifier" time="0.018"/>
  <testcase name="testNotAuthorized" classname="com.cagst.bom.tenant.TenantResourceTest$WhenFindTenants" time="0.008"/>
  <testcase name="testDelete" classname="com.cagst.bom.tenant.TenantResourceTest$WhenDeleteTenant" time="0.05"/>
  <testcase name="testPut" classname="com.cagst.bom.tenant.TenantResourceTest$WhenUpdateTenant" time="0.053"/>
  <testcase name="testBadRequest" classname="com.cagst.bom.tenant.TenantResourceTest$WhenUpdateTenant" time="0.012"/>
  <testcase name="testBadRequest" classname="com.cagst.bom.tenant.TenantResourceTest$WhenCreateTenant" time="0.019"/>
  <testcase name="testPost" classname="com.cagst.bom.tenant.TenantResourceTest$WhenCreateTenant" time="0.022"/>
  <testcase name="testFound" classname="com.cagst.bom.tenant.TenantResourceTest$WhenFindByIdentifier" time="0.051"/>
  <testcase name="testFound" classname="com.cagst.bom.tenant.TenantResourceTest$WhenFindTenants" time="0.065"/>
  <testcase name="testNoneFound" classname="com.cagst.bom.tenant.TenantResourceTest$WhenFindTenants" time="0.021"/>
</testsuite>