<?xml version="1.0" encoding="UTF-8"?>
<testsuite xmlns:xsi="http://www.w3.org/2001/XMLSchema-instance" xsi:noNamespaceSchemaLocation="https://maven.apache.org/surefire/maven-surefire-plugin/xsd/surefire-test-report.xsd" name="com.cagst.bom.tenant.TenantRepositoryR2dbcTest" time="5.168" tests="17" errors="0" skipped="2" failures="0">
  <properties>
    <property name="gopherProxySet" value="false"/>
    <property name="awt.toolkit" value="sun.lwawt.macosx.LWCToolkit"/>
    <property name="java.specification.version" value="11"/>
    <property name="sun.cpu.isalist" value=""/>
    <property name="sun.jnu.encoding" value="UTF-8"/>
    <property name="java.class.path" value="/Users/cgaskill/wip/cagst/bom/bom-service/bom-service-rest/target/test-classes:/Users/cgaskill/wip/cagst/bom/bom-service/bom-service-rest/target/classes:/Users/cgaskill/.m2/repository/org/apache/commons/commons-lang3/3.11/commons-lang3-3.11.jar:/Users/cgaskill/wip/cagst/bom/bom-service/bom-service-model/target/bom-service-model-1.0-SNAPSHOT.jar:/Users/cgaskill/.m2/repository/org/springframework/spring-core/5.3.1/spring-core-5.3.1.jar:/Users/cgaskill/.m2/repository/org/springframework/spring-jcl/5.3.1/spring-jcl-5.3.1.jar:/Users/cgaskill/wip/cagst/bom/bom-service/bom-service-spring/target/bom-service-spring-1.0-SNAPSHOT.jar:/Users/cgaskill/.m2/repository/com/auth0/java-jwt/3.11.0/java-jwt-3.11.0.jar:/Users/cgaskill/.m2/repository/commons-codec/commons-codec/1.15/commons-codec-1.15.jar:/Users/cgaskill/.m2/repository/org/springframework/boot/spring-boot-autoconfigure/2.4.0/spring-boot-autoconfigure-2.4.0.jar:/Users/cgaskill/.m2/repository/org/springframework/spring-context/5.3.1/spring-context-5.3.1.jar:/Users/cgaskill/.m2/repository/org/springframework/spring-beans/5.3.1/spring-beans-5.3.1.jar:/Users/cgaskill/.m2/repository/org/springframework/spring-expression/5.3.1/spring-expression-5.3.1.jar:/Users/cgaskill/.m2/repository/org/springframework/security/spring-security-core/5.4.1/spring-security-core-5.4.1.jar:/Users/cgaskill/.m2/repository/org/springframework/data/spring-data-r2dbc/1.2.1/spring-data-r2dbc-1.2.1.jar:/Users/cgaskill/.m2/repository/org/springframework/data/spring-data-commons/2.4.1/spring-data-commons-2.4.1.jar:/Users/cgaskill/.m2/repository/org/springframework/data/spring-data-relational/2.1.1/spring-data-relational-2.1.1.jar:/Users/cgaskill/.m2/repository/org/springframework/spring-r2dbc/5.3.1/spring-r2dbc-5.3.1.jar:/Users/cgaskill/.m2/repository/org/springframework/spring-tx/5.3.1/spring-tx-5.3.1.jar:/Users/cgaskill/.m2/repository/org/springframework/security/spring-security-web/5.4.1/spring-security-web-5.4.1.jar:/Users/cgaskill/.m2/repository/org/springframework/spring-webflux/5.3.1/spring-webflux-5.3.1.jar:/Users/cgaskill/.m2/repository/org/immutables/value/2.8.8/value-2.8.8.jar:/Users/cgaskill/.m2/repository/com/fasterxml/jackson/core/jackson-annotations/2.11.3/jackson-annotations-2.11.3.jar:/Users/cgaskill/.m2/repository/com/fasterxml/jackson/core/jackson-databind/2.11.3/jackson-databind-2.11.3.jar:/Users/cgaskill/.m2/repository/com/fasterxml/jackson/core/jackson-core/2.11.3/jackson-core-2.11.3.jar:/Users/cgaskill/.m2/repository/org/slf4j/slf4j-api/1.7.30/slf4j-api-1.7.30.jar:/Users/cgaskill/.m2/repository/org/postgresql/postgresql/42.2.18/postgresql-42.2.18.jar:/Users/cgaskill/.m2/repository/org/checkerframework/checker-qual/3.5.0/checker-qual-3.5.0.jar:/Users/cgaskill/.m2/repository/io/r2dbc/r2dbc-postgresql/0.8.6.RELEASE/r2dbc-postgresql-0.8.6.RELEASE.jar:/Users/cgaskill/.m2/repository/io/r2dbc/r2dbc-spi/0.8.3.RELEASE/r2dbc-spi-0.8.3.RELEASE.jar:/Users/cgaskill/.m2/repository/org/reactivestreams/reactive-streams/1.0.3/reactive-streams-1.0.3.jar:/Users/cgaskill/.m2/repository/com/ongres/scram/client/2.1/client-2.1.jar:/Users/cgaskill/.m2/repository/com/ongres/scram/common/2.1/common-2.1.jar:/Users/cgaskill/.m2/repository/com/ongres/stringprep/saslprep/1.1/saslprep-1.1.jar:/Users/cgaskill/.m2/repository/com/ongres/stringprep/stringprep/1.1/stringprep-1.1.jar:/Users/cgaskill/.m2/repository/io/projectreactor/reactor-core/3.4.0/reactor-core-3.4.0.jar:/Users/cgaskill/.m2/repository/io/projectreactor/netty/reactor-netty/1.0.1/reactor-netty-1.0.1.jar:/Users/cgaskill/.m2/repository/io/projectreactor/netty/reactor-netty-core/1.0.1/reactor-netty-core-1.0.1.jar:/Users/cgaskill/.m2/repository/io/netty/netty-handler/4.1.54.Final/netty-handler-4.1.54.Final.jar:/Users/cgaskill/.m2/repository/io/netty/netty-common/4.1.54.Final/netty-common-4.1.54.Final.jar:/Users/cgaskill/.m2/repository/io/netty/netty-resolver/4.1.54.Final/netty-resolver-4.1.54.Final.jar:/Users/cgaskill/.m2/repository/io/netty/netty-buffer/4.1.54.Final/netty-buffer-4.1.54.Final.jar:/Users/cgaskill/.m2/repository/io/netty/netty-transport/4.1.54.Final/netty-transport-4.1.54.Final.jar:/Users/cgaskill/.m2/repository/io/netty/netty-codec/4.1.54.Final/netty-codec-4.1.54.Final.jar:/Users/cgaskill/.m2/repository/io/netty/netty-handler-proxy/4.1.54.Final/netty-handler-proxy-4.1.54.Final.jar:/Users/cgaskill/.m2/repository/io/netty/netty-codec-socks/4.1.54.Final/netty-codec-socks-4.1.54.Final.jar:/Users/cgaskill/.m2/repository/io/netty/netty-resolver-dns/4.1.54.Final/netty-resolver-dns-4.1.54.Final.jar:/Users/cgaskill/.m2/repository/io/netty/netty-codec-dns/4.1.54.Final/netty-codec-dns-4.1.54.Final.jar:/Users/cgaskill/.m2/repository/io/netty/netty-transport-native-epoll/4.1.54.Final/netty-transport-native-epoll-4.1.54.Final-linux-x86_64.jar:/Users/cgaskill/.m2/repository/io/netty/netty-transport-native-unix-common/4.1.54.Final/netty-transport-native-unix-common-4.1.54.Final.jar:/Users/cgaskill/.m2/repository/io/projectreactor/netty/reactor-netty-http/1.0.1/reactor-netty-http-1.0.1.jar:/Users/cgaskill/.m2/repository/io/netty/netty-codec-http/4.1.54.Final/netty-codec-http-4.1.54.Final.jar:/Users/cgaskill/.m2/repository/io/netty/netty-codec-http2/4.1.54.Final/netty-codec-http2-4.1.54.Final.jar:/Users/cgaskill/.m2/repository/io/projectreactor/netty/reactor-netty-http-brave/1.0.1/reactor-netty-http-brave-1.0.1.jar:/Users/cgaskill/.m2/repository/io/zipkin/brave/brave-instrumentation-http/5.13.1/brave-instrumentation-http-5.13.1.jar:/Users/cgaskill/.m2/repository/io/zipkin/brave/brave/5.13.1/brave-5.13.1.jar:/Users/cgaskill/.m2/repository/io/zipkin/reporter2/zipkin-reporter-brave/2.16.0/zipkin-reporter-brave-2.16.0.jar:/Users/cgaskill/.m2/repository/io/zipkin/reporter2/zipkin-reporter/2.16.0/zipkin-reporter-2.16.0.jar:/Users/cgaskill/.m2/repository/io/zipkin/zipkin2/zipkin/2.22.2/zipkin-2.22.2.jar:/Users/cgaskill/.m2/repository/org/springframework/boot/spring-boot-starter-actuator/2.4.0/spring-boot-starter-actuator-2.4.0.jar:/Users/cgaskill/.m2/repository/org/springframework/boot/spring-boot-starter/2.4.0/spring-boot-starter-2.4.0.jar:/Users/cgaskill/.m2/repository/org/springframework/boot/spring-boot-starter-logging/2.4.0/spring-boot-starter-logging-2.4.0.jar:/Users/cgaskill/.m2/repository/ch/qos/logback/logback-classic/1.2.3/logback-classic-1.2.3.jar:/Users/cgaskill/.m2/repository/ch/qos/logback/logback-core/1.2.3/logback-core-1.2.3.jar:/Users/cgaskill/.m2/repository/org/apache/logging/log4j/log4j-to-slf4j/2.13.3/log4j-to-slf4j-2.13.3.jar:/Users/cgaskill/.m2/repository/org/apache/logging/log4j/log4j-api/2.13.3/log4j-api-2.13.3.jar:/Users/cgaskill/.m2/repository/org/slf4j/jul-to-slf4j/1.7.30/jul-to-slf4j-1.7.30.jar:/Users/cgaskill/.m2/repository/jakarta/annotation/jakarta.annotation-api/1.3.5/jakarta.annotation-api-1.3.5.jar:/Users/cgaskill/.m2/repository/org/yaml/snakeyaml/1.27/snakeyaml-1.27.jar:/Users/cgaskill/.m2/repository/org/springframework/boot/spring-boot-actuator-autoconfigure/2.4.0/spring-boot-actuator-autoconfigure-2.4.0.jar:/Users/cgaskill/.m2/repository/org/springframework/boot/spring-boot-actuator/2.4.0/spring-boot-actuator-2.4.0.jar:/Users/cgaskill/.m2/repository/com/fasterxml/jackson/datatype/jackson-datatype-jsr310/2.11.3/jackson-datatype-jsr310-2.11.3.jar:/Users/cgaskill/.m2/repository/io/micrometer/micrometer-core/1.6.1/micrometer-core-1.6.1.jar:/Users/cgaskill/.m2/repository/org/hdrhistogram/HdrHistogram/2.1.12/HdrHistogram-2.1.12.jar:/Users/cgaskill/.m2/repository/org/latencyutils/LatencyUtils/2.0.3/LatencyUtils-2.0.3.jar:/Users/cgaskill/.m2/repository/org/springframework/boot/spring-boot-starter-cache/2.4.0/spring-boot-starter-cache-2.4.0.jar:/Users/cgaskill/.m2/repository/org/springframework/spring-context-support/5.3.1/spring-context-support-5.3.1.jar:/Users/cgaskill/.m2/repository/org/springframework/boot/spring-boot-starter-security/2.4.0/spring-boot-starter-security-2.4.0.jar:/Users/cgaskill/.m2/repository/org/springframework/spring-aop/5.3.1/spring-aop-5.3.1.jar:/Users/cgaskill/.m2/repository/org/springframework/security/spring-security-config/5.4.1/spring-security-config-5.4.1.jar:/Users/cgaskill/.m2/repository/org/springframework/boot/spring-boot-starter-webflux/2.4.0/spring-boot-starter-webflux-2.4.0.jar:/Users/cgaskill/.m2/repository/org/springframework/boot/spring-boot-starter-json/2.4.0/spring-boot-starter-json-2.4.0.jar:/Users/cgaskill/.m2/repository/com/fasterxml/jackson/datatype/jackson-datatype-jdk8/2.11.3/jackson-datatype-jdk8-2.11.3.jar:/Users/cgaskill/.m2/repository/com/fasterxml/jackson/module/jackson-module-parameter-names/2.11.3/jackson-module-parameter-names-2.11.3.jar:/Users/cgaskill/.m2/repository/org/springframework/boot/spring-boot-starter-reactor-netty/2.4.0/spring-boot-starter-reactor-netty-2.4.0.jar:/Users/cgaskill/.m2/repository/org/springframework/spring-web/5.3.1/spring-web-5.3.1.jar:/Users/cgaskill/.m2/repository/org/springframework/boot/spring-boot-devtools/2.4.0/spring-boot-devtools-2.4.0.jar:/Users/cgaskill/.m2/repository/org/springframework/boot/spring-boot/2.4.0/spring-boot-2.4.0.jar:/Users/cgaskill/.m2/repository/io/r2dbc/r2dbc-h2/0.8.4.RELEASE/r2dbc-h2-0.8.4.RELEASE.jar:/Users/cgaskill/.m2/repository/com/h2database/h2/1.4.200/h2-1.4.200.jar:/Users/cgaskill/.m2/repository/org/springframework/boot/spring-boot-starter-test/2.4.0/spring-boot-starter-test-2.4.0.jar:/Users/cgaskill/.m2/repository/org/springframework/boot/spring-boot-test/2.4.0/spring-boot-test-2.4.0.jar:/Users/cgaskill/.m2/repository/org/springframework/boot/spring-boot-test-autoconfigure/2.4.0/spring-boot-test-autoconfigure-2.4.0.jar:/Users/cgaskill/.m2/repository/com/jayway/jsonpath/json-path/2.4.0/json-path-2.4.0.jar:/Users/cgaskill/.m2/repository/net/minidev/json-smart/2.3/json-smart-2.3.jar:/Users/cgaskill/.m2/repository/net/minidev/accessors-smart/1.2/accessors-smart-1.2.jar:/Users/cgaskill/.m2/repository/org/ow2/asm/asm/5.0.4/asm-5.0.4.jar:/Users/cgaskill/.m2/repository/jakarta/xml/bind/jakarta.xml.bind-api/2.3.3/jakarta.xml.bind-api-2.3.3.jar:/Users/cgaskill/.m2/repository/jakarta/activation/jakarta.activation-api/1.2.2/jakarta.activation-api-1.2.2.jar:/Users/cgaskill/.m2/repository/org/assertj/assertj-core/3.18.1/assertj-core-3.18.1.jar:/Users/cgaskill/.m2/repository/org/hamcrest/hamcrest/2.2/hamcrest-2.2.jar:/Users/cgaskill/.m2/repository/org/junit/jupiter/junit-jupiter/5.7.0/junit-jupiter-5.7.0.jar:/Users/cgaskill/.m2/repository/org/junit/jupiter/junit-jupiter-api/5.7.0/junit-jupiter-api-5.7.0.jar:/Users/cgaskill/.m2/repository/org/apiguardian/apiguardian-api/1.1.0/apiguardian-api-1.1.0.jar:/Users/cgaskill/.m2/repository/org/opentest4j/opentest4j/1.2.0/opentest4j-1.2.0.jar:/Users/cgaskill/.m2/repository/org/junit/platform/junit-platform-commons/1.7.0/junit-platform-commons-1.7.0.jar:/Users/cgaskill/.m2/repository/org/junit/jupiter/junit-jupiter-params/5.7.0/junit-jupiter-params-5.7.0.jar:/Users/cgaskill/.m2/repository/org/junit/jupiter/junit-jupiter-engine/5.7.0/junit-jupiter-engine-5.7.0.jar:/Users/cgaskill/.m2/repository/org/junit/platform/junit-platform-engine/1.7.0/junit-platform-engine-1.7.0.jar:/Users/cgaskill/.m2/repository/org/mockito/mockito-core/3.6.0/mockito-core-3.6.0.jar:/Users/cgaskill/.m2/repository/net/bytebuddy/byte-buddy/1.10.18/byte-buddy-1.10.18.jar:/Users/cgaskill/.m2/repository/net/bytebuddy/byte-buddy-agent/1.10.18/byte-buddy-agent-1.10.18.jar:/Users/cgaskill/.m2/repository/org/objenesis/objenesis/3.1/objenesis-3.1.jar:/Users/cgaskill/.m2/repository/org/mockito/mockito-junit-jupiter/3.6.0/mockito-junit-jupiter-3.6.0.jar:/Users/cgaskill/.m2/repository/org/skyscreamer/jsonassert/1.5.0/jsonassert-1.5.0.jar:/Users/cgaskill/.m2/repository/com/vaadin/external/google/android-json/0.0.20131108.vaadin1/android-json-0.0.20131108.vaadin1.jar:/Users/cgaskill/.m2/repository/org/springframework/spring-test/5.3.1/spring-test-5.3.1.jar:/Users/cgaskill/.m2/repository/org/xmlunit/xmlunit-core/2.7.0/xmlunit-core-2.7.0.jar:/Users/cgaskill/.m2/repository/org/springframework/security/spring-security-test/5.4.1/spring-security-test-5.4.1.jar:/Users/cgaskill/.m2/repository/org/springframework/restdocs/spring-restdocs-webtestclient/2.0.4.RELEASE/spring-restdocs-webtestclient-2.0.4.RELEASE.jar:/Users/cgaskill/.m2/repository/org/springframework/restdocs/spring-restdocs-core/2.0.5.RELEASE/spring-restdocs-core-2.0.5.RELEASE.jar:/Users/cgaskill/.m2/repository/io/projectreactor/reactor-test/3.4.0/reactor-test-3.4.0.jar:"/>
    <property name="java.vm.vendor" value="AdoptOpenJDK"/>
    <property name="sun.arch.data.model" value="64"/>
    <property name="java.vendor.url" value="https://adoptopenjdk.net/"/>
    <property name="user.timezone" value=""/>
    <property name="java.vm.specification.version" value="11"/>
    <property name="os.name" value="Mac OS X"/>
    <property name="sun.java.launcher" value="SUN_STANDARD"/>
    <property name="user.country" value="US"/>
    <property name="sun.boot.library.path" value="/Library/Java/JavaVirtualMachines/adoptopenjdk-11.jdk/Contents/Home/lib"/>
    <property name="sun.java.command" value="/Users/cgaskill/wip/cagst/bom/bom-service/bom-service-rest/target/surefire/surefirebooter12618191888257374895.jar /Users/cgaskill/wip/cagst/bom/bom-service/bom-service-rest/target/surefire 2020-12-10T19-40-49_749-jvmRun1 surefire17906326738757495455tmp surefire_05035587150434925495tmp"/>
    <property name="http.nonProxyHosts" value="local|*.local|169.254/16|*.169.254/16"/>
    <property name="jdk.debug" value="release"/>
    <property name="surefire.test.class.path" value="/Users/cgaskill/wip/cagst/bom/bom-service/bom-service-rest/target/test-classes:/Users/cgaskill/wip/cagst/bom/bom-service/bom-service-rest/target/classes:/Users/cgaskill/.m2/repository/org/apache/commons/commons-lang3/3.11/commons-lang3-3.11.jar:/Users/cgaskill/wip/cagst/bom/bom-service/bom-service-model/target/bom-service-model-1.0-SNAPSHOT.jar:/Users/cgaskill/.m2/repository/org/springframework/spring-core/5.3.1/spring-core-5.3.1.jar:/Users/cgaskill/.m2/repository/org/springframework/spring-jcl/5.3.1/spring-jcl-5.3.1.jar:/Users/cgaskill/wip/cagst/bom/bom-service/bom-service-spring/target/bom-service-spring-1.0-SNAPSHOT.jar:/Users/cgaskill/.m2/repository/com/auth0/java-jwt/3.11.0/java-jwt-3.11.0.jar:/Users/cgaskill/.m2/repository/commons-codec/commons-codec/1.15/commons-codec-1.15.jar:/Users/cgaskill/.m2/repository/org/springframework/boot/spring-boot-autoconfigure/2.4.0/spring-boot-autoconfigure-2.4.0.jar:/Users/cgaskill/.m2/repository/org/springframework/spring-context/5.3.1/spring-context-5.3.1.jar:/Users/cgaskill/.m2/repository/org/springframework/spring-beans/5.3.1/spring-beans-5.3.1.jar:/Users/cgaskill/.m2/repository/org/springframework/spring-expression/5.3.1/spring-expression-5.3.1.jar:/Users/cgaskill/.m2/repository/org/springframework/security/spring-security-core/5.4.1/spring-security-core-5.4.1.jar:/Users/cgaskill/.m2/repository/org/springframework/data/spring-data-r2dbc/1.2.1/spring-data-r2dbc-1.2.1.jar:/Users/cgaskill/.m2/repository/org/springframework/data/spring-data-commons/2.4.1/spring-data-commons-2.4.1.jar:/Users/cgaskill/.m2/repository/org/springframework/data/spring-data-relational/2.1.1/spring-data-relational-2.1.1.jar:/Users/cgaskill/.m2/repository/org/springframework/spring-r2dbc/5.3.1/spring-r2dbc-5.3.1.jar:/Users/cgaskill/.m2/repository/org/springframework/spring-tx/5.3.1/spring-tx-5.3.1.jar:/Users/cgaskill/.m2/repository/org/springframework/security/spring-security-web/5.4.1/spring-security-web-5.4.1.jar:/Users/cgaskill/.m2/repository/org/springframework/spring-webflux/5.3.1/spring-webflux-5.3.1.jar:/Users/cgaskill/.m2/repository/org/immutables/value/2.8.8/value-2.8.8.jar:/Users/cgaskill/.m2/repository/com/fasterxml/jackson/core/jackson-annotations/2.11.3/jackson-annotations-2.11.3.jar:/Users/cgaskill/.m2/repository/com/fasterxml/jackson/core/jackson-databind/2.11.3/jackson-databind-2.11.3.jar:/Users/cgaskill/.m2/repository/com/fasterxml/jackson/core/jackson-core/2.11.3/jackson-core-2.11.3.jar:/Users/cgaskill/.m2/repository/org/slf4j/slf4j-api/1.7.30/slf4j-api-1.7.30.jar:/Users/cgaskill/.m2/repository/org/postgresql/postgresql/42.2.18/postgresql-42.2.18.jar:/Users/cgaskill/.m2/repository/org/checkerframework/checker-qual/3.5.0/checker-qual-3.5.0.jar:/Users/cgaskill/.m2/repository/io/r2dbc/r2dbc-postgresql/0.8.6.RELEASE/r2dbc-postgresql-0.8.6.RELEASE.jar:/Users/cgaskill/.m2/repository/io/r2dbc/r2dbc-spi/0.8.3.RELEASE/r2dbc-spi-0.8.3.RELEASE.jar:/Users/cgaskill/.m2/repository/org/reactivestreams/reactive-streams/1.0.3/reactive-streams-1.0.3.jar:/Users/cgaskill/.m2/repository/com/ongres/scram/client/2.1/client-2.1.jar:/Users/cgaskill/.m2/repository/com/ongres/scram/common/2.1/common-2.1.jar:/Users/cgaskill/.m2/repository/com/ongres/stringprep/saslprep/1.1/saslprep-1.1.jar:/Users/cgaskill/.m2/repository/com/ongres/stringprep/stringprep/1.1/stringprep-1.1.jar:/Users/cgaskill/.m2/repository/io/projectreactor/reactor-core/3.4.0/reactor-core-3.4.0.jar:/Users/cgaskill/.m2/repository/io/projectreactor/netty/reactor-netty/1.0.1/reactor-netty-1.0.1.jar:/Users/cgaskill/.m2/repository/io/projectreactor/netty/reactor-netty-core/1.0.1/reactor-netty-core-1.0.1.jar:/Users/cgaskill/.m2/repository/io/netty/netty-handler/4.1.54.Final/netty-handler-4.1.54.Final.jar:/Users/cgaskill/.m2/repository/io/netty/netty-common/4.1.54.Final/netty-common-4.1.54.Final.jar:/Users/cgaskill/.m2/repository/io/netty/netty-resolver/4.1.54.Final/netty-resolver-4.1.54.Final.jar:/Users/cgaskill/.m2/repository/io/netty/netty-buffer/4.1.54.Final/netty-buffer-4.1.54.Final.jar:/Users/cgaskill/.m2/repository/io/netty/netty-transport/4.1.54.Final/netty-transport-4.1.54.Final.jar:/Users/cgaskill/.m2/repository/io/netty/netty-codec/4.1.54.Final/netty-codec-4.1.54.Final.jar:/Users/cgaskill/.m2/repository/io/netty/netty-handler-proxy/4.1.54.Final/netty-handler-proxy-4.1.54.Final.jar:/Users/cgaskill/.m2/repository/io/netty/netty-codec-socks/4.1.54.Final/netty-codec-socks-4.1.54.Final.jar:/Users/cgaskill/.m2/repository/io/netty/netty-resolver-dns/4.1.54.Final/netty-resolver-dns-4.1.54.Final.jar:/Users/cgaskill/.m2/repository/io/netty/netty-codec-dns/4.1.54.Final/netty-codec-dns-4.1.54.Final.jar:/Users/cgaskill/.m2/repository/io/netty/netty-transport-native-epoll/4.1.54.Final/netty-transport-native-epoll-4.1.54.Final-linux-x86_64.jar:/Users/cgaskill/.m2/repository/io/netty/netty-transport-native-unix-common/4.1.54.Final/netty-transport-native-unix-common-4.1.54.Final.jar:/Users/cgaskill/.m2/repository/io/projectreactor/netty/reactor-netty-http/1.0.1/reactor-netty-http-1.0.1.jar:/Users/cgaskill/.m2/repository/io/netty/netty-codec-http/4.1.54.Final/netty-codec-http-4.1.54.Final.jar:/Users/cgaskill/.m2/repository/io/netty/netty-codec-http2/4.1.54.Final/netty-codec-http2-4.1.54.Final.jar:/Users/cgaskill/.m2/repository/io/projectreactor/netty/reactor-netty-http-brave/1.0.1/reactor-netty-http-brave-1.0.1.jar:/Users/cgaskill/.m2/repository/io/zipkin/brave/brave-instrumentation-http/5.13.1/brave-instrumentation-http-5.13.1.jar:/Users/cgaskill/.m2/repository/io/zipkin/brave/brave/5.13.1/brave-5.13.1.jar:/Users/cgaskill/.m2/repository/io/zipkin/reporter2/zipkin-reporter-brave/2.16.0/zipkin-reporter-brave-2.16.0.jar:/Users/cgaskill/.m2/repository/io/zipkin/reporter2/zipkin-reporter/2.16.0/zipkin-reporter-2.16.0.jar:/Users/cgaskill/.m2/repository/io/zipkin/zipkin2/zipkin/2.22.2/zipkin-2.22.2.jar:/Users/cgaskill/.m2/repository/org/springframework/boot/spring-boot-starter-actuator/2.4.0/spring-boot-starter-actuator-2.4.0.jar:/Users/cgaskill/.m2/repository/org/springframework/boot/spring-boot-starter/2.4.0/spring-boot-starter-2.4.0.jar:/Users/cgaskill/.m2/repository/org/springframework/boot/spring-boot-starter-logging/2.4.0/spring-boot-starter-logging-2.4.0.jar:/Users/cgaskill/.m2/repository/ch/qos/logback/logback-classic/1.2.3/logback-classic-1.2.3.jar:/Users/cgaskill/.m2/repository/ch/qos/logback/logback-core/1.2.3/logback-core-1.2.3.jar:/Users/cgaskill/.m2/repository/org/apache/logging/log4j/log4j-to-slf4j/2.13.3/log4j-to-slf4j-2.13.3.jar:/Users/cgaskill/.m2/repository/org/apache/logging/log4j/log4j-api/2.13.3/log4j-api-2.13.3.jar:/Users/cgaskill/.m2/repository/org/slf4j/jul-to-slf4j/1.7.30/jul-to-slf4j-1.7.30.jar:/Users/cgaskill/.m2/repository/jakarta/annotation/jakarta.annotation-api/1.3.5/jakarta.annotation-api-1.3.5.jar:/Users/cgaskill/.m2/repository/org/yaml/snakeyaml/1.27/snakeyaml-1.27.jar:/Users/cgaskill/.m2/repository/org/springframework/boot/spring-boot-actuator-autoconfigure/2.4.0/spring-boot-actuator-autoconfigure-2.4.0.jar:/Users/cgaskill/.m2/repository/org/springframework/boot/spring-boot-actuator/2.4.0/spring-boot-actuator-2.4.0.jar:/Users/cgaskill/.m2/repository/com/fasterxml/jackson/datatype/jackson-datatype-jsr310/2.11.3/jackson-datatype-jsr310-2.11.3.jar:/Users/cgaskill/.m2/repository/io/micrometer/micrometer-core/1.6.1/micrometer-core-1.6.1.jar:/Users/cgaskill/.m2/repository/org/hdrhistogram/HdrHistogram/2.1.12/HdrHistogram-2.1.12.jar:/Users/cgaskill/.m2/repository/org/latencyutils/LatencyUtils/2.0.3/LatencyUtils-2.0.3.jar:/Users/cgaskill/.m2/repository/org/springframework/boot/spring-boot-starter-cache/2.4.0/spring-boot-starter-cache-2.4.0.jar:/Users/cgaskill/.m2/repository/org/springframework/spring-context-support/5.3.1/spring-context-support-5.3.1.jar:/Users/cgaskill/.m2/repository/org/springframework/boot/spring-boot-starter-security/2.4.0/spring-boot-starter-security-2.4.0.jar:/Users/cgaskill/.m2/repository/org/springframework/spring-aop/5.3.1/spring-aop-5.3.1.jar:/Users/cgaskill/.m2/repository/org/springframework/security/spring-security-config/5.4.1/spring-security-config-5.4.1.jar:/Users/cgaskill/.m2/repository/org/springframework/boot/spring-boot-starter-webflux/2.4.0/spring-boot-starter-webflux-2.4.0.jar:/Users/cgaskill/.m2/repository/org/springframework/boot/spring-boot-starter-json/2.4.0/spring-boot-starter-json-2.4.0.jar:/Users/cgaskill/.m2/repository/com/fasterxml/jackson/datatype/jackson-datatype-jdk8/2.11.3/jackson-datatype-jdk8-2.11.3.jar:/Users/cgaskill/.m2/repository/com/fasterxml/jackson/module/jackson-module-parameter-names/2.11.3/jackson-module-parameter-names-2.11.3.jar:/Users/cgaskill/.m2/repository/org/springframework/boot/spring-boot-starter-reactor-netty/2.4.0/spring-boot-starter-reactor-netty-2.4.0.jar:/Users/cgaskill/.m2/repository/org/springframework/spring-web/5.3.1/spring-web-5.3.1.jar:/Users/cgaskill/.m2/repository/org/springframework/boot/spring-boot-devtools/2.4.0/spring-boot-devtools-2.4.0.jar:/Users/cgaskill/.m2/repository/org/springframework/boot/spring-boot/2.4.0/spring-boot-2.4.0.jar:/Users/cgaskill/.m2/repository/io/r2dbc/r2dbc-h2/0.8.4.RELEASE/r2dbc-h2-0.8.4.RELEASE.jar:/Users/cgaskill/.m2/repository/com/h2database/h2/1.4.200/h2-1.4.200.jar:/Users/cgaskill/.m2/repository/org/springframework/boot/spring-boot-starter-test/2.4.0/spring-boot-starter-test-2.4.0.jar:/Users/cgaskill/.m2/repository/org/springframework/boot/spring-boot-test/2.4.0/spring-boot-test-2.4.0.jar:/Users/cgaskill/.m2/repository/org/springframework/boot/spring-boot-test-autoconfigure/2.4.0/spring-boot-test-autoconfigure-2.4.0.jar:/Users/cgaskill/.m2/repository/com/jayway/jsonpath/json-path/2.4.0/json-path-2.4.0.jar:/Users/cgaskill/.m2/repository/net/minidev/json-smart/2.3/json-smart-2.3.jar:/Users/cgaskill/.m2/repository/net/minidev/accessors-smart/1.2/accessors-smart-1.2.jar:/Users/cgaskill/.m2/repository/org/ow2/asm/asm/5.0.4/asm-5.0.4.jar:/Users/cgaskill/.m2/repository/jakarta/xml/bind/jakarta.xml.bind-api/2.3.3/jakarta.xml.bind-api-2.3.3.jar:/Users/cgaskill/.m2/repository/jakarta/activation/jakarta.activation-api/1.2.2/jakarta.activation-api-1.2.2.jar:/Users/cgaskill/.m2/repository/org/assertj/assertj-core/3.18.1/assertj-core-3.18.1.jar:/Users/cgaskill/.m2/repository/org/hamcrest/hamcrest/2.2/hamcrest-2.2.jar:/Users/cgaskill/.m2/repository/org/junit/jupiter/junit-jupiter/5.7.0/junit-jupiter-5.7.0.jar:/Users/cgaskill/.m2/repository/org/junit/jupiter/junit-jupiter-api/5.7.0/junit-jupiter-api-5.7.0.jar:/Users/cgaskill/.m2/repository/org/apiguardian/apiguardian-api/1.1.0/apiguardian-api-1.1.0.jar:/Users/cgaskill/.m2/repository/org/opentest4j/opentest4j/1.2.0/opentest4j-1.2.0.jar:/Users/cgaskill/.m2/repository/org/junit/platform/junit-platform-commons/1.7.0/junit-platform-commons-1.7.0.jar:/Users/cgaskill/.m2/repository/org/junit/jupiter/junit-jupiter-params/5.7.0/junit-jupiter-params-5.7.0.jar:/Users/cgaskill/.m2/repository/org/junit/jupiter/junit-jupiter-engine/5.7.0/junit-jupiter-engine-5.7.0.jar:/Users/cgaskill/.m2/repository/org/junit/platform/junit-platform-engine/1.7.0/junit-platform-engine-1.7.0.jar:/Users/cgaskill/.m2/repository/org/mockito/mockito-core/3.6.0/mockito-core-3.6.0.jar:/Users/cgaskill/.m2/repository/net/bytebuddy/byte-buddy/1.10.18/byte-buddy-1.10.18.jar:/Users/cgaskill/.m2/repository/net/bytebuddy/byte-buddy-agent/1.10.18/byte-buddy-agent-1.10.18.jar:/Users/cgaskill/.m2/repository/org/objenesis/objenesis/3.1/objenesis-3.1.jar:/Users/cgaskill/.m2/repository/org/mockito/mockito-junit-jupiter/3.6.0/mockito-junit-jupiter-3.6.0.jar:/Users/cgaskill/.m2/repository/org/skyscreamer/jsonassert/1.5.0/jsonassert-1.5.0.jar:/Users/cgaskill/.m2/repository/com/vaadin/external/google/android-json/0.0.20131108.vaadin1/android-json-0.0.20131108.vaadin1.jar:/Users/cgaskill/.m2/repository/org/springframework/spring-test/5.3.1/spring-test-5.3.1.jar:/Users/cgaskill/.m2/repository/org/xmlunit/xmlunit-core/2.7.0/xmlunit-core-2.7.0.jar:/Users/cgaskill/.m2/repository/org/springframework/security/spring-security-test/5.4.1/spring-security-test-5.4.1.jar:/Users/cgaskill/.m2/repository/org/springframework/restdocs/spring-restdocs-webtestclient/2.0.4.RELEASE/spring-restdocs-webtestclient-2.0.4.RELEASE.jar:/Users/cgaskill/.m2/repository/org/springframework/restdocs/spring-restdocs-core/2.0.5.RELEASE/spring-restdocs-core-2.0.5.RELEASE.jar:/Users/cgaskill/.m2/repository/io/projectreactor/reactor-test/3.4.0/reactor-test-3.4.0.jar:"/>
    <property name="sun.cpu.endian" value="little"/>
    <property name="user.home" value="/Users/cgaskill"/>
    <property name="user.language" value="en"/>
    <property name="java.specification.vendor" value="Oracle Corporation"/>
    <property name="java.version.date" value="2019-01-15"/>
    <property name="java.home" value="/Library/Java/JavaVirtualMachines/adoptopenjdk-11.jdk/Contents/Home"/>
    <property name="file.separator" value="/"/>
    <property name="basedir" value="/Users/cgaskill/wip/cagst/bom/bom-service/bom-service-rest"/>
    <property name="java.vm.compressedOopsMode" value="Zero based"/>
    <property name="line.separator" value="&#10;"/>
    <property name="java.specification.name" value="Java Platform API Specification"/>
    <property name="java.vm.specification.vendor" value="Oracle Corporation"/>
    <property name="java.awt.graphicsenv" value="sun.awt.CGraphicsEnvironment"/>
    <property name="surefire.real.class.path" value="/Users/cgaskill/wip/cagst/bom/bom-service/bom-service-rest/target/surefire/surefirebooter12618191888257374895.jar"/>
    <property name="sun.management.compiler" value="HotSpot 64-Bit Tiered Compilers"/>
    <property name="ftp.nonProxyHosts" value="local|*.local|169.254/16|*.169.254/16"/>
    <property name="java.runtime.version" value="11.0.2+9"/>
    <property name="user.name" value="cgaskill"/>
    <property name="path.separator" value=":"/>
    <property name="os.version" value="10.16"/>
    <property name="java.runtime.name" value="OpenJDK Runtime Environment"/>
    <property name="file.encoding" value="UTF-8"/>
    <property name="java.vm.name" value="OpenJDK 64-Bit Server VM"/>
    <property name="java.vendor.version" value="AdoptOpenJDK"/>
    <property name="localRepository" value="/Users/cgaskill/.m2/repository"/>
    <property name="java.vendor.url.bug" value="http://bugreport.java.com/bugreport/"/>
    <property name="java.io.tmpdir" value="/var/folders/sw/wfls1rwn0hd07tvnzd1__bhw0000gn/T/"/>
    <property name="idea.version" value="2020.3"/>
    <property name="java.version" value="11.0.2"/>
    <property name="user.dir" value="/Users/cgaskill/wip/cagst/bom/bom-service/bom-service-rest"/>
    <property name="os.arch" value="x86_64"/>
    <property name="java.vm.specification.name" value="Java Virtual Machine Specification"/>
    <property name="java.awt.printerjob" value="sun.lwawt.macosx.CPrinterJob"/>
    <property name="sun.os.patch.level" value="unknown"/>
    <property name="java.library.path" value="/Users/cgaskill/Library/Java/Extensions:/Library/Java/Extensions:/Network/Library/Java/Extensions:/System/Library/Java/Extensions:/usr/lib/java:."/>
    <property name="java.vendor" value="AdoptOpenJDK"/>
    <property name="java.vm.info" value="mixed mode"/>
    <property name="java.vm.version" value="11.0.2+9"/>
    <property name="sun.io.unicode.encoding" value="UnicodeBig"/>
    <property name="java.class.version" value="55.0"/>
    <property name="socksNonProxyHosts" value="local|*.local|169.254/16|*.169.254/16"/>
  </properties>
  <testcase name="testUpdate" classname="com.cagst.bom.tenant.TenantRepositoryR2dbcTest$WhenUpdate" time="0">
    <skipped message="void com.cagst.bom.tenant.TenantRepositoryR2dbcTest$WhenUpdate.testUpdate() is @Disabled"/>
    <system-out><![CDATA[19:40:56.109 [main] DEBUG org.springframework.test.context.BootstrapUtils - Instantiating CacheAwareContextLoaderDelegate from class [org.springframework.test.context.cache.DefaultCacheAwareContextLoaderDelegate]
19:40:56.126 [main] DEBUG org.springframework.test.context.BootstrapUtils - Instantiating BootstrapContext using constructor [public org.springframework.test.context.support.DefaultBootstrapContext(java.lang.Class,org.springframework.test.context.CacheAwareContextLoaderDelegate)]
19:40:56.164 [main] DEBUG org.springframework.test.context.BootstrapUtils - Instantiating TestContextBootstrapper for test class [com.cagst.bom.tenant.TenantRepositoryR2dbcTest] from class [org.springframework.boot.test.context.SpringBootTestContextBootstrapper]
19:40:56.179 [main] INFO org.springframework.boot.test.context.SpringBootTestContextBootstrapper - Neither @ContextConfiguration nor @ContextHierarchy found for test class [com.cagst.bom.tenant.TenantRepositoryR2dbcTest], using SpringBootContextLoader
19:40:56.183 [main] DEBUG org.springframework.test.context.support.AbstractContextLoader - Did not detect default resource location for test class [com.cagst.bom.tenant.TenantRepositoryR2dbcTest]: class path resource [com/cagst/bom/tenant/TenantRepositoryR2dbcTest-context.xml] does not exist
19:40:56.183 [main] DEBUG org.springframework.test.context.support.AbstractContextLoader - Did not detect default resource location for test class [com.cagst.bom.tenant.TenantRepositoryR2dbcTest]: class path resource [com/cagst/bom/tenant/TenantRepositoryR2dbcTestContext.groovy] does not exist
19:40:56.183 [main] INFO org.springframework.test.context.support.AbstractContextLoader - Could not detect default resource locations for test class [com.cagst.bom.tenant.TenantRepositoryR2dbcTest]: no resource found for suffixes {-context.xml, Context.groovy}.
19:40:56.184 [main] DEBUG org.springframework.test.context.support.AnnotationConfigContextLoaderUtils - Ignoring class [com.cagst.bom.tenant.TenantRepositoryR2dbcTest$WhenUpdate]; it must be static, non-private, non-final, and annotated with @Configuration to be considered a default configuration class.
19:40:56.184 [main] DEBUG org.springframework.test.context.support.AnnotationConfigContextLoaderUtils - Ignoring class [com.cagst.bom.tenant.TenantRepositoryR2dbcTest$WhenInsertTenant]; it must be static, non-private, non-final, and annotated with @Configuration to be considered a default configuration class.
19:40:56.184 [main] DEBUG org.springframework.test.context.support.AnnotationConfigContextLoaderUtils - Ignoring class [com.cagst.bom.tenant.TenantRepositoryR2dbcTest$WhenFind]; it must be static, non-private, non-final, and annotated with @Configuration to be considered a default configuration class.
19:40:56.184 [main] DEBUG org.springframework.test.context.support.AnnotationConfigContextLoaderUtils - Ignoring class [com.cagst.bom.tenant.TenantRepositoryR2dbcTest$WhenFindByMnemonics]; it must be static, non-private, non-final, and annotated with @Configuration to be considered a default configuration class.
19:40:56.184 [main] DEBUG org.springframework.test.context.support.AnnotationConfigContextLoaderUtils - Ignoring class [com.cagst.bom.tenant.TenantRepositoryR2dbcTest$WhenFindByMnemonic]; it must be static, non-private, non-final, and annotated with @Configuration to be considered a default configuration class.
19:40:56.184 [main] DEBUG org.springframework.test.context.support.AnnotationConfigContextLoaderUtils - Ignoring class [com.cagst.bom.tenant.TenantRepositoryR2dbcTest$WhenFindByIds]; it must be static, non-private, non-final, and annotated with @Configuration to be considered a default configuration class.
19:40:56.185 [main] DEBUG org.springframework.test.context.support.AnnotationConfigContextLoaderUtils - Ignoring class [com.cagst.bom.tenant.TenantRepositoryR2dbcTest$WhenFindById]; it must be static, non-private, non-final, and annotated with @Configuration to be considered a default configuration class.
19:40:56.185 [main] INFO org.springframework.test.context.support.AnnotationConfigContextLoaderUtils - Could not detect default configuration classes for test class [com.cagst.bom.tenant.TenantRepositoryR2dbcTest]: TenantRepositoryR2dbcTest does not declare any static, non-private, non-final, nested classes annotated with @Configuration.
19:40:56.242 [main] DEBUG org.springframework.test.context.support.ActiveProfilesUtils - Could not find an 'annotation declaring class' for annotation type [org.springframework.test.context.ActiveProfiles] and class [com.cagst.bom.tenant.TenantRepositoryR2dbcTest]
19:40:56.415 [main] DEBUG org.springframework.context.annotation.ClassPathScanningCandidateComponentProvider - Identified candidate component class: file [/Users/cgaskill/wip/cagst/bom/bom-service/bom-service-rest/target/classes/com/cagst/bom/BomServiceApplication.class]
19:40:56.417 [main] INFO org.springframework.boot.test.context.SpringBootTestContextBootstrapper - Found @SpringBootConfiguration com.cagst.bom.BomServiceApplication for test class com.cagst.bom.tenant.TenantRepositoryR2dbcTest
19:40:56.525 [main] DEBUG org.springframework.boot.test.context.SpringBootTestContextBootstrapper - @TestExecutionListeners is not present for class [com.cagst.bom.tenant.TenantRepositoryR2dbcTest]: using defaults.
19:40:56.526 [main] INFO org.springframework.boot.test.context.SpringBootTestContextBootstrapper - Loaded default TestExecutionListener class names from location [META-INF/spring.factories]: [org.springframework.boot.test.mock.mockito.MockitoTestExecutionListener, org.springframework.boot.test.mock.mockito.ResetMocksTestExecutionListener, org.springframework.boot.test.autoconfigure.restdocs.RestDocsTestExecutionListener, org.springframework.boot.test.autoconfigure.web.client.MockRestServiceServerResetTestExecutionListener, org.springframework.boot.test.autoconfigure.web.servlet.MockMvcPrintOnlyOnFailureTestExecutionListener, org.springframework.boot.test.autoconfigure.web.servlet.WebDriverTestExecutionListener, org.springframework.boot.test.autoconfigure.webservices.client.MockWebServiceServerTestExecutionListener, org.springframework.test.context.web.ServletTestExecutionListener, org.springframework.test.context.support.DirtiesContextBeforeModesTestExecutionListener, org.springframework.test.context.support.DependencyInjectionTestExecutionListener, org.springframework.test.context.support.DirtiesContextTestExecutionListener, org.springframework.test.context.transaction.TransactionalTestExecutionListener, org.springframework.test.context.jdbc.SqlScriptsTestExecutionListener, org.springframework.test.context.event.EventPublishingTestExecutionListener, org.springframework.security.test.context.support.WithSecurityContextTestExecutionListener, org.springframework.security.test.context.support.ReactorContextTestExecutionListener]
19:40:56.539 [main] DEBUG org.springframework.boot.test.context.SpringBootTestContextBootstrapper - Skipping candidate TestExecutionListener [org.springframework.test.context.web.ServletTestExecutionListener] due to a missing dependency. Specify custom listener classes or make the default listener classes and their required dependencies available. Offending class: [javax/servlet/ServletContext]
19:40:56.548 [main] INFO org.springframework.boot.test.context.SpringBootTestContextBootstrapper - Using TestExecutionListeners: [org.springframework.test.context.support.DirtiesContextBeforeModesTestExecutionListener@751d3241, org.springframework.boot.test.mock.mockito.MockitoTestExecutionListener@76c7beb3, org.springframework.boot.test.autoconfigure.SpringBootDependencyInjectionTestExecutionListener@64337702, org.springframework.test.context.support.DirtiesContextTestExecutionListener@2cf92cc7, org.springframework.test.context.transaction.TransactionalTestExecutionListener@30ea8c23, org.springframework.test.context.jdbc.SqlScriptsTestExecutionListener@7b139eab, org.springframework.test.context.event.EventPublishingTestExecutionListener@4e76dac, org.springframework.security.test.context.support.WithSecurityContextTestExecutionListener@611df6e3, org.springframework.security.test.context.support.ReactorContextTestExecutionListener@5f2f577, org.springframework.boot.test.mock.mockito.ResetMocksTestExecutionListener@6273c5a4, org.springframework.boot.test.autoconfigure.restdocs.RestDocsTestExecutionListener@5d465e4b, org.springframework.boot.test.autoconfigure.web.client.MockRestServiceServerResetTestExecutionListener@53e211ee, org.springframework.boot.test.autoconfigure.web.servlet.MockMvcPrintOnlyOnFailureTestExecutionListener@41a90fa8, org.springframework.boot.test.autoconfigure.web.servlet.WebDriverTestExecutionListener@3d8bbcdc, org.springframework.boot.test.autoconfigure.webservices.client.MockWebServiceServerTestExecutionListener@52500920]
19:40:56.552 [main] DEBUG org.springframework.test.context.support.AbstractDirtiesContextTestExecutionListener - Before test class: context [DefaultTestContext@9635fa testClass = TenantRepositoryR2dbcTest, testInstance = [null], testMethod = [null], testException = [null], mergedContextConfiguration = [ReactiveWebMergedContextConfiguration@53ab0286 testClass = TenantRepositoryR2dbcTest, locations = '{}', classes = '{class com.cagst.bom.BomServiceApplication}', contextInitializerClasses = '[]', activeProfiles = '{}', propertySourceLocations = '{}', propertySourceProperties = '{org.springframework.boot.test.context.SpringBootTestContextBootstrapper=true}', contextCustomizers = set[org.springframework.boot.test.context.filter.ExcludeFilterContextCustomizer@66c92293, org.springframework.boot.test.json.DuplicateJsonObjectContextCustomizerFactory$DuplicateJsonObjectContextCustomizer@3cdf2c61, org.springframework.boot.test.mock.mockito.MockitoContextCustomizer@0, org.springframework.boot.test.web.client.TestRestTemplateContextCustomizer@34c01041, org.springframework.boot.test.web.reactive.server.WebTestClientContextCustomizer@76a2ddf3, org.springframework.boot.test.autoconfigure.actuate.metrics.MetricsExportContextCustomizerFactory$DisableMetricExportContextCustomizer@2ef14fe, org.springframework.boot.test.autoconfigure.properties.PropertyMappingContextCustomizer@0, org.springframework.boot.test.autoconfigure.web.servlet.WebDriverContextCustomizerFactory$Customizer@1b84f475, org.springframework.boot.test.context.SpringBootTestArgs@1, org.springframework.boot.test.context.SpringBootTestWebEnvironment@10e41621], contextLoader = 'org.springframework.boot.test.context.SpringBootContextLoader', parent = [null]], attributes = map[[empty]]], class annotated with @DirtiesContext [false] with mode [null].
19:40:56.556 [main] DEBUG org.springframework.test.context.BootstrapUtils - Instantiating CacheAwareContextLoaderDelegate from class [org.springframework.test.context.cache.DefaultCacheAwareContextLoaderDelegate]
19:40:56.556 [main] DEBUG org.springframework.test.context.BootstrapUtils - Instantiating BootstrapContext using constructor [public org.springframework.test.context.support.DefaultBootstrapContext(java.lang.Class,org.springframework.test.context.CacheAwareContextLoaderDelegate)]
19:40:56.558 [main] DEBUG org.springframework.test.context.BootstrapUtils - Instantiating TestContextBootstrapper for test class [com.cagst.bom.tenant.TenantRepositoryR2dbcTest$WhenUpdate] from class [org.springframework.boot.test.context.SpringBootTestContextBootstrapper]
19:40:56.559 [main] INFO org.springframework.boot.test.context.SpringBootTestContextBootstrapper - Neither @ContextConfiguration nor @ContextHierarchy found for test class [com.cagst.bom.tenant.TenantRepositoryR2dbcTest$WhenUpdate], using SpringBootContextLoader
19:40:56.559 [main] DEBUG org.springframework.test.context.support.AbstractContextLoader - Did not detect default resource location for test class [com.cagst.bom.tenant.TenantRepositoryR2dbcTest$WhenUpdate]: class path resource [com/cagst/bom/tenant/TenantRepositoryR2dbcTest$WhenUpdate-context.xml] does not exist
19:40:56.560 [main] DEBUG org.springframework.test.context.support.AbstractContextLoader - Did not detect default resource location for test class [com.cagst.bom.tenant.TenantRepositoryR2dbcTest$WhenUpdate]: class path resource [com/cagst/bom/tenant/TenantRepositoryR2dbcTest$WhenUpdateContext.groovy] does not exist
19:40:56.560 [main] INFO org.springframework.test.context.support.AbstractContextLoader - Could not detect default resource locations for test class [com.cagst.bom.tenant.TenantRepositoryR2dbcTest$WhenUpdate]: no resource found for suffixes {-context.xml, Context.groovy}.
19:40:56.560 [main] INFO org.springframework.test.context.support.AnnotationConfigContextLoaderUtils - Could not detect default configuration classes for test class [com.cagst.bom.tenant.TenantRepositoryR2dbcTest$WhenUpdate]: WhenUpdate does not declare any static, non-private, non-final, nested classes annotated with @Configuration.
19:40:56.563 [main] DEBUG org.springframework.test.context.support.ActiveProfilesUtils - Could not find an 'annotation declaring class' for annotation type [org.springframework.test.context.ActiveProfiles] and class [com.cagst.bom.tenant.TenantRepositoryR2dbcTest$WhenUpdate]
19:40:56.564 [main] INFO org.springframework.boot.test.context.SpringBootTestContextBootstrapper - Found @SpringBootConfiguration com.cagst.bom.BomServiceApplication for test class com.cagst.bom.tenant.TenantRepositoryR2dbcTest$WhenUpdate
19:40:56.567 [main] DEBUG org.springframework.boot.test.context.SpringBootTestContextBootstrapper - @TestExecutionListeners is not present for class [com.cagst.bom.tenant.TenantRepositoryR2dbcTest$WhenUpdate]: using defaults.
19:40:56.567 [main] INFO org.springframework.boot.test.context.SpringBootTestContextBootstrapper - Loaded default TestExecutionListener class names from location [META-INF/spring.factories]: [org.springframework.boot.test.mock.mockito.MockitoTestExecutionListener, org.springframework.boot.test.mock.mockito.ResetMocksTestExecutionListener, org.springframework.boot.test.autoconfigure.restdocs.RestDocsTestExecutionListener, org.springframework.boot.test.autoconfigure.web.client.MockRestServiceServerResetTestExecutionListener, org.springframework.boot.test.autoconfigure.web.servlet.MockMvcPrintOnlyOnFailureTestExecutionListener, org.springframework.boot.test.autoconfigure.web.servlet.WebDriverTestExecutionListener, org.springframework.boot.test.autoconfigure.webservices.client.MockWebServiceServerTestExecutionListener, org.springframework.test.context.web.ServletTestExecutionListener, org.springframework.test.context.support.DirtiesContextBeforeModesTestExecutionListener, org.springframework.test.context.support.DependencyInjectionTestExecutionListener, org.springframework.test.context.support.DirtiesContextTestExecutionListener, org.springframework.test.context.transaction.TransactionalTestExecutionListener, org.springframework.test.context.jdbc.SqlScriptsTestExecutionListener, org.springframework.test.context.event.EventPublishingTestExecutionListener, org.springframework.security.test.context.support.WithSecurityContextTestExecutionListener, org.springframework.security.test.context.support.ReactorContextTestExecutionListener]
19:40:56.568 [main] DEBUG org.springframework.boot.test.context.SpringBootTestContextBootstrapper - Skipping candidate TestExecutionListener [org.springframework.test.context.web.ServletTestExecutionListener] due to a missing dependency. Specify custom listener classes or make the default listener classes and their required dependencies available. Offending class: [javax/servlet/ServletContext]
19:40:56.569 [main] INFO org.springframework.boot.test.context.SpringBootTestContextBootstrapper - Using TestExecutionListeners: [org.springframework.test.context.support.DirtiesContextBeforeModesTestExecutionListener@62679465, org.springframework.boot.test.mock.mockito.MockitoTestExecutionListener@6a988392, org.springframework.boot.test.autoconfigure.SpringBootDependencyInjectionTestExecutionListener@1d71006f, org.springframework.test.context.support.DirtiesContextTestExecutionListener@5b6813df, org.springframework.test.context.transaction.TransactionalTestExecutionListener@5f2606b, org.springframework.test.context.jdbc.SqlScriptsTestExecutionListener@2b58f754, org.springframework.test.context.event.EventPublishingTestExecutionListener@3ebff828, org.springframework.security.test.context.support.WithSecurityContextTestExecutionListener@2552f2cb, org.springframework.security.test.context.support.ReactorContextTestExecutionListener@33352f32, org.springframework.boot.test.mock.mockito.ResetMocksTestExecutionListener@5f3b9c57, org.springframework.boot.test.autoconfigure.restdocs.RestDocsTestExecutionListener@1e044120, org.springframework.boot.test.autoconfigure.web.client.MockRestServiceServerResetTestExecutionListener@2cf23c81, org.springframework.boot.test.autoconfigure.web.servlet.MockMvcPrintOnlyOnFailureTestExecutionListener@3624da92, org.springframework.boot.test.autoconfigure.web.servlet.WebDriverTestExecutionListener@35fe2125, org.springframework.boot.test.autoconfigure.webservices.client.MockWebServiceServerTestExecutionListener@94f6bfb]
19:40:56.569 [main] DEBUG org.springframework.test.context.support.AbstractDirtiesContextTestExecutionListener - Before test class: context [DefaultTestContext@34645867 testClass = TenantRepositoryR2dbcTest.WhenUpdate, testInstance = [null], testMethod = [null], testException = [null], mergedContextConfiguration = [ReactiveWebMergedContextConfiguration@2484f433 testClass = TenantRepositoryR2dbcTest.WhenUpdate, locations = '{}', classes = '{class com.cagst.bom.BomServiceApplication}', contextInitializerClasses = '[]', activeProfiles = '{}', propertySourceLocations = '{}', propertySourceProperties = '{org.springframework.boot.test.context.SpringBootTestContextBootstrapper=true}', contextCustomizers = set[org.springframework.boot.test.context.filter.ExcludeFilterContextCustomizer@66c92293, org.springframework.boot.test.json.DuplicateJsonObjectContextCustomizerFactory$DuplicateJsonObjectContextCustomizer@3cdf2c61, org.springframework.boot.test.mock.mockito.MockitoContextCustomizer@0, org.springframework.boot.test.web.client.TestRestTemplateContextCustomizer@34c01041, org.springframework.boot.test.web.reactive.server.WebTestClientContextCustomizer@76a2ddf3, org.springframework.boot.test.autoconfigure.actuate.metrics.MetricsExportContextCustomizerFactory$DisableMetricExportContextCustomizer@2ef14fe, org.springframework.boot.test.autoconfigure.properties.PropertyMappingContextCustomizer@0, org.springframework.boot.test.autoconfigure.web.servlet.WebDriverContextCustomizerFactory$Customizer@1b84f475, org.springframework.boot.test.context.SpringBootTestArgs@1, org.springframework.boot.test.context.SpringBootTestWebEnvironment@10e41621], contextLoader = 'org.springframework.boot.test.context.SpringBootContextLoader', parent = [null]], attributes = map[[empty]]], class annotated with @DirtiesContext [false] with mode [null].
19:40:56.583 [main] DEBUG org.springframework.test.context.support.DependencyInjectionTestExecutionListener - Performing dependency injection for test context [[DefaultTestContext@9635fa testClass = TenantRepositoryR2dbcTest, testInstance = com.cagst.bom.tenant.TenantRepositoryR2dbcTest@5d25e6bb, testMethod = [null], testException = [null], mergedContextConfiguration = [ReactiveWebMergedContextConfiguration@53ab0286 testClass = TenantRepositoryR2dbcTest, locations = '{}', classes = '{class com.cagst.bom.BomServiceApplication}', contextInitializerClasses = '[]', activeProfiles = '{}', propertySourceLocations = '{}', propertySourceProperties = '{org.springframework.boot.test.context.SpringBootTestContextBootstrapper=true}', contextCustomizers = set[org.springframework.boot.test.context.filter.ExcludeFilterContextCustomizer@66c92293, org.springframework.boot.test.json.DuplicateJsonObjectContextCustomizerFactory$DuplicateJsonObjectContextCustomizer@3cdf2c61, org.springframework.boot.test.mock.mockito.MockitoContextCustomizer@0, org.springframework.boot.test.web.client.TestRestTemplateContextCustomizer@34c01041, org.springframework.boot.test.web.reactive.server.WebTestClientContextCustomizer@76a2ddf3, org.springframework.boot.test.autoconfigure.actuate.metrics.MetricsExportContextCustomizerFactory$DisableMetricExportContextCustomizer@2ef14fe, org.springframework.boot.test.autoconfigure.properties.PropertyMappingContextCustomizer@0, org.springframework.boot.test.autoconfigure.web.servlet.WebDriverContextCustomizerFactory$Customizer@1b84f475, org.springframework.boot.test.context.SpringBootTestArgs@1, org.springframework.boot.test.context.SpringBootTestWebEnvironment@10e41621], contextLoader = 'org.springframework.boot.test.context.SpringBootContextLoader', parent = [null]], attributes = map[[empty]]]].
19:40:56.617 [main] DEBUG org.springframework.test.context.support.TestPropertySourceUtils - Adding inlined properties to environment: {spring.jmx.enabled=false, org.springframework.boot.test.context.SpringBootTestContextBootstrapper=true}

  .   ____          _            __ _ _
 /\\ / ___'_ __ _ _(_)_ __  __ _ \ \ \ \
( ( )\___ | '_ | '_| | '_ \/ _` | \ \ \ \
 \\/  ___)| |_)| | | | | || (_| |  ) ) ) )
  '  |____| .__|_| |_|_| |_\__, | / / / /
 =========|_|==============|___/=/_/_/_/
 :: Spring Boot ::                (v2.4.0)

2020-12-10 19:40:57.028  INFO 14262 --- [           main] c.c.b.tenant.TenantRepositoryR2dbcTest   : Starting TenantRepositoryR2dbcTest using Java 11.0.2 on CAGMacbook with PID 14262 (started by cgaskill in /Users/cgaskill/wip/cagst/bom/bom-service/bom-service-rest)
2020-12-10 19:40:57.031  INFO 14262 --- [           main] c.c.b.tenant.TenantRepositoryR2dbcTest   : No active profile set, falling back to default profiles: default
2020-12-10 19:40:57.950  INFO 14262 --- [           main] .s.d.r.c.RepositoryConfigurationDelegate : Bootstrapping Spring Data R2DBC repositories in DEFAULT mode.
2020-12-10 19:40:58.005  INFO 14262 --- [           main] .s.d.r.c.RepositoryConfigurationDelegate : Finished Spring Data repository scanning in 50 ms. Found 0 R2DBC repository interfaces.
2020-12-10 19:40:58.664  INFO 14262 --- [           main] c.c.b.s.security.jwt.JwtServiceImpl      : Token [eyJ0eXAiOiJKV1QiLCJhbGciOiJIUzUxMiJ9.eyJhdWQiOiIxIiwic3ViIjoiMSIsImV4cCI6MTYwODg2MDQ1OH0.7uJzQJC9mjjfV-gdQQsl-ALL0Om_RSyLdIoeLL1XcdEEBTu1RRvZfOIZvZQtfD7nzXEiYHzrs2l1iSDDgBJZGg]
2020-12-10 19:40:59.416  INFO 14262 --- [           main] o.s.s.concurrent.ThreadPoolTaskExecutor  : Initializing ExecutorService 'applicationTaskExecutor'
2020-12-10 19:40:59.989  INFO 14262 --- [           main] o.s.b.a.e.web.EndpointLinksResolver      : Exposing 2 endpoint(s) beneath base path '/actuator'
2020-12-10 19:41:00.447  INFO 14262 --- [           main] c.c.b.tenant.TenantRepositoryR2dbcTest   : Started TenantRepositoryR2dbcTest in 3.818 seconds (JVM running for 5.235)
]]></system-out>
  </testcase>
  <testcase name="testInsert" classname="com.cagst.bom.tenant.TenantRepositoryR2dbcTest$WhenInsertTenant" time="0">
    <skipped message="this can&apos;t be tested until migrating to version 1.0 of R2DBC so we can make the code generic"/>
    <system-out><![CDATA[2020-12-10 19:41:00.466  INFO 14262 --- [           main] .b.t.c.SpringBootTestContextBootstrapper : Neither @ContextConfiguration nor @ContextHierarchy found for test class [com.cagst.bom.tenant.TenantRepositoryR2dbcTest$WhenInsertTenant], using SpringBootContextLoader
2020-12-10 19:41:00.467  INFO 14262 --- [           main] o.s.t.c.support.AbstractContextLoader    : Could not detect default resource locations for test class [com.cagst.bom.tenant.TenantRepositoryR2dbcTest$WhenInsertTenant]: no resource found for suffixes {-context.xml, Context.groovy}.
2020-12-10 19:41:00.467  INFO 14262 --- [           main] t.c.s.AnnotationConfigContextLoaderUtils : Could not detect default configuration classes for test class [com.cagst.bom.tenant.TenantRepositoryR2dbcTest$WhenInsertTenant]: WhenInsertTenant does not declare any static, non-private, non-final, nested classes annotated with @Configuration.
2020-12-10 19:41:00.468  INFO 14262 --- [           main] .b.t.c.SpringBootTestContextBootstrapper : Found @SpringBootConfiguration com.cagst.bom.BomServiceApplication for test class com.cagst.bom.tenant.TenantRepositoryR2dbcTest$WhenInsertTenant
2020-12-10 19:41:00.471  INFO 14262 --- [           main] .b.t.c.SpringBootTestContextBootstrapper : Loaded default TestExecutionListener class names from location [META-INF/spring.factories]: [org.springframework.boot.test.mock.mockito.MockitoTestExecutionListener, org.springframework.boot.test.mock.mockito.ResetMocksTestExecutionListener, org.springframework.boot.test.autoconfigure.restdocs.RestDocsTestExecutionListener, org.springframework.boot.test.autoconfigure.web.client.MockRestServiceServerResetTestExecutionListener, org.springframework.boot.test.autoconfigure.web.servlet.MockMvcPrintOnlyOnFailureTestExecutionListener, org.springframework.boot.test.autoconfigure.web.servlet.WebDriverTestExecutionListener, org.springframework.boot.test.autoconfigure.webservices.client.MockWebServiceServerTestExecutionListener, org.springframework.test.context.web.ServletTestExecutionListener, org.springframework.test.context.support.DirtiesContextBeforeModesTestExecutionListener, org.springframework.test.context.support.DependencyInjectionTestExecutionListener, org.springframework.test.context.support.DirtiesContextTestExecutionListener, org.springframework.test.context.transaction.TransactionalTestExecutionListener, org.springframework.test.context.jdbc.SqlScriptsTestExecutionListener, org.springframework.test.context.event.EventPublishingTestExecutionListener, org.springframework.security.test.context.support.WithSecurityContextTestExecutionListener, org.springframework.security.test.context.support.ReactorContextTestExecutionListener]
2020-12-10 19:41:00.472  INFO 14262 --- [           main] .b.t.c.SpringBootTestContextBootstrapper : Using TestExecutionListeners: [org.springframework.test.context.support.DirtiesContextBeforeModesTestExecutionListener@55f6f965, org.springframework.boot.test.mock.mockito.MockitoTestExecutionListener@40ddf339, org.springframework.boot.test.autoconfigure.SpringBootDependencyInjectionTestExecutionListener@c83ed77, org.springframework.test.context.support.DirtiesContextTestExecutionListener@d271a54, org.springframework.test.context.transaction.TransactionalTestExecutionListener@6ff8e744, org.springframework.test.context.jdbc.SqlScriptsTestExecutionListener@409395b9, org.springframework.test.context.event.EventPublishingTestExecutionListener@53e82089, org.springframework.security.test.context.support.WithSecurityContextTestExecutionListener@66a8751a, org.springframework.security.test.context.support.ReactorContextTestExecutionListener@4ec27c4c, org.springframework.boot.test.mock.mockito.ResetMocksTestExecutionListener@12200670, org.springframework.boot.test.autoconfigure.restdocs.RestDocsTestExecutionListener@5e80d5, org.springframework.boot.test.autoconfigure.web.client.MockRestServiceServerResetTestExecutionListener@257b3561, org.springframework.boot.test.autoconfigure.web.servlet.MockMvcPrintOnlyOnFailureTestExecutionListener@78861d9e, org.springframework.boot.test.autoconfigure.web.servlet.WebDriverTestExecutionListener@6a878778, org.springframework.boot.test.autoconfigure.webservices.client.MockWebServiceServerTestExecutionListener@1eabfad5]
]]></system-out>
  </testcase>
  <testcase name="testFindAll" classname="com.cagst.bom.tenant.TenantRepositoryR2dbcTest$WhenFind" time="0.549"/>
  <testcase name="testFindLimit" classname="com.cagst.bom.tenant.TenantRepositoryR2dbcTest$WhenFind" time="0.011"/>
  <testcase name="testFindStart" classname="com.cagst.bom.tenant.TenantRepositoryR2dbcTest$WhenFind" time="0.006"/>
  <testcase name="testEndsWith" classname="com.cagst.bom.tenant.TenantRepositoryR2dbcTest$WhenFind$BySearchText" time="0.006"/>
  <testcase name="textExact" classname="com.cagst.bom.tenant.TenantRepositoryR2dbcTest$WhenFind$BySearchText" time="0.006"/>
  <testcase name="testContains" classname="com.cagst.bom.tenant.TenantRepositoryR2dbcTest$WhenFind$BySearchText" time="0.007"/>
  <testcase name="testStartsWith" classname="com.cagst.bom.tenant.TenantRepositoryR2dbcTest$WhenFind$BySearchText" time="0.006"/>
  <testcase name="testFound" classname="com.cagst.bom.tenant.TenantRepositoryR2dbcTest$WhenFindByMnemonics" time="0.004"/>
  <testcase name="testFound" classname="com.cagst.bom.tenant.TenantRepositoryR2dbcTest$WhenFindByMnemonic" time="0.007"/>
  <testcase name="testFound" classname="com.cagst.bom.tenant.TenantRepositoryR2dbcTest$WhenFindByIds" time="0.002"/>
  <testcase name="testFound" classname="com.cagst.bom.tenant.TenantRepositoryR2dbcTest$WhenFindById" time="0.005"/>
  <testcase name="testNone" classname="com.cagst.bom.tenant.TenantRepositoryR2dbcTest$WhenFindByMnemonics" time="0.004"/>
  <testcase name="testNone" classname="com.cagst.bom.tenant.TenantRepositoryR2dbcTest$WhenFindByIds" time="0.005"/>
  <testcase name="testNotFound" classname="com.cagst.bom.tenant.TenantRepositoryR2dbcTest$WhenFindByMnemonic" time="0.001"/>
  <testcase name="testNotFound" classname="com.cagst.bom.tenant.TenantRepositoryR2dbcTest$WhenFindById" time="0"/>
</testsuite>